#
# There is insufficient memory for the Java Runtime Environment to continue.
# Native memory allocation (mmap) failed to map 143654912 bytes for Failed to commit area from 0x000000008ec00000 to 0x0000000097500000 of length 143654912.
# Possible reasons:
#   The system is out of physical RAM or swap space
#   The process is running with CompressedOops enabled, and the Java Heap may be blocking the growth of the native heap
# Possible solutions:
#   Reduce memory load on the system
#   Increase physical memory or swap space
#   Check if swap backing store is full
#   Decrease Java heap size (-Xmx/-Xms)
#   Decrease number of Java threads
#   Decrease Java thread stack sizes (-Xss)
#   Set larger code cache with -XX:ReservedCodeCacheSize=
#   JVM is running with Unscaled Compressed Oops mode in which the Java heap is
#     placed in the first 4GB address space. The Java Heap base address is the
#     maximum limit for the native heap growth. Please use -XX:HeapBaseMinAddress
#     to set the Java Heap base and to place the Java Heap above 4GB virtual address.
# This output file may be truncated or incomplete.
#
#  Out of Memory Error (./src/hotspot/os/windows/os_windows.cpp:3619), pid=4568, tid=18780
#
# JRE version: OpenJDK Runtime Environment (11.0.13) (build 11.0.13+0-b1751.21-8125866)
# Java VM: OpenJDK 64-Bit Server VM (11.0.13+0-b1751.21-8125866, mixed mode, tiered, compressed oops, g1 gc, windows-amd64)
# No core dump will be written. Minidumps are not enabled by default on client versions of Windows
#

---------------  S U M M A R Y ------------

Command Line: --add-opens=java.base/java.util=ALL-UNNAMED --add-opens=java.base/java.lang=ALL-UNNAMED --add-opens=java.base/java.lang.invoke=ALL-UNNAMED --add-opens=java.base/java.util=ALL-UNNAMED --add-opens=java.prefs/java.util.prefs=ALL-UNNAMED --add-opens=java.prefs/java.util.prefs=ALL-UNNAMED --add-opens=java.base/java.nio.charset=ALL-UNNAMED --add-opens=java.base/java.net=ALL-UNNAMED --add-opens=java.base/java.util.concurrent.atomic=ALL-UNNAMED -Xmx2048m -Dfile.encoding=UTF-8 -Duser.country=IN -Duser.language=en -Duser.variant org.gradle.launcher.daemon.bootstrap.GradleDaemon 7.4

Host: Intel(R) Core(TM) i7-8550U CPU @ 1.80GHz, 8 cores, 7G,  Windows 10 , 64 bit Build 19041 (10.0.19041.2251)
Time: Fri Dec  2 18:31:17 2022 India Standard Time elapsed time: 2114.112617 seconds (0d 0h 35m 14s)

---------------  T H R E A D  ---------------

Current thread (0x0000021ffe816000):  VMThread "VM Thread" [stack: 0x00000053c5500000,0x00000053c5600000] [id=18780]

Stack: [0x00000053c5500000,0x00000053c5600000]
[error occurred during error reporting (printing stack bounds), id 0xc0000005, EXCEPTION_ACCESS_VIOLATION (0xc0000005) at pc=0x0000021fe770112d]

Native frames: (J=compiled Java code, j=interpreted, Vv=VM code, C=native code)
V  [jvm.dll+0x6100fa]
V  [jvm.dll+0x747090]
V  [jvm.dll+0x7486ad]
V  [jvm.dll+0x748ce5]
V  [jvm.dll+0x748c9b]
V  [jvm.dll+0x60f224]
V  [jvm.dll+0x60f9b8]
C  [ntdll.dll+0xa241f]
C  [ntdll.dll+0x514a4]
C  [ntdll.dll+0xa0f4e]
C  0x0000021fe770112d

VM_Operation (0x00000053cb3f8f50): G1CollectForAllocation, mode: safepoint, requested by thread 0x0000021f82873000


---------------  P R O C E S S  ---------------

Threads class SMR info:
_java_thread_list=0x0000021f8811fea0, length=144, elements={
0x0000021fe23fd000, 0x0000021ffe85a800, 0x0000021ffe867800, 0x0000021fff07d000,
0x0000021fff07e000, 0x0000021fff080800, 0x0000021fff08f800, 0x0000021fff094000,
0x0000021fff095800, 0x0000021fff230800, 0x0000021f80e29800, 0x0000021f81f09000,
0x0000021f81f0a800, 0x0000021f82729800, 0x0000021f8272c800, 0x0000021f82728800,
0x0000021f8272e800, 0x0000021f8272a000, 0x0000021f82730000, 0x0000021f82732800,
0x0000021f82731000, 0x0000021f82735000, 0x0000021f82736800, 0x0000021f82a34000,
0x0000021f82a34800, 0x0000021f82a3a800, 0x0000021f82a3d000, 0x0000021f82a3b000,
0x0000021f82a3c000, 0x0000021f805c5000, 0x0000021f81f08000, 0x0000021f81d73800,
0x0000021f81d73000, 0x0000021f81d74800, 0x0000021f81d72000, 0x0000021f81d6f000,
0x0000021f82c29800, 0x0000021f82c28000, 0x0000021f82a41000, 0x0000021f85009800,
0x0000021f85010000, 0x0000021f8500c000, 0x0000021f8500d000, 0x0000021f8500d800,
0x0000021f8500e800, 0x0000021f8500f000, 0x0000021f8500a800, 0x0000021f85011000,
0x0000021f8500b000, 0x0000021f85013800, 0x0000021f85011800, 0x0000021f859b8800,
0x0000021f85012800, 0x0000021f85016800, 0x0000021f85014000, 0x0000021f85017800,
0x0000021f85015000, 0x0000021f85016000, 0x0000021f85018000, 0x0000021f805c1000,
0x0000021f805c7800, 0x0000021f805c2000, 0x0000021f805c8800, 0x0000021f805c6000,
0x0000021f805c4800, 0x0000021f805c7000, 0x0000021f805c2800, 0x0000021f805c9000,
0x0000021f805c3800, 0x0000021f805ca000, 0x0000021f805cc800, 0x0000021f805cb000,
0x0000021f805cb800, 0x0000021f805d0000, 0x0000021f805cd800, 0x0000021f805ce000,
0x0000021f805cf000, 0x0000021f8a285800, 0x0000021f8a28b000, 0x0000021f8a28c000,
0x0000021f8a288000, 0x0000021f8a288800, 0x0000021f8a287000, 0x0000021f8a286000,
0x0000021f8a28d000, 0x0000021f8a289800, 0x0000021f8a28e800, 0x0000021f8a28f000,
0x0000021f8a28a800, 0x0000021f8a294000, 0x0000021f8a293800, 0x0000021f8a290000,
0x0000021f8a291800, 0x0000021f8a291000, 0x0000021f8a292800, 0x0000021f82870000,
0x0000021f82870800, 0x0000021f8286c000, 0x0000021f8286f000, 0x0000021f8286b000,
0x0000021f82871800, 0x0000021f82872800, 0x0000021f8286c800, 0x0000021f82873000,
0x0000021f8286d800, 0x0000021f8286e800, 0x0000021f82878000, 0x0000021f82879000,
0x0000021f82876800, 0x0000021f82879800, 0x0000021f82874000, 0x0000021f82875000,
0x0000021f82875800, 0x0000021f82c2a800, 0x0000021f82c24800, 0x0000021f82c2b000,
0x0000021f82c25800, 0x0000021f82c2c000, 0x0000021f82c26000, 0x0000021f82c2c800,
0x0000021f82c27000, 0x0000021f82c2f000, 0x0000021f82c32800, 0x0000021f82c30000,
0x0000021f82c33000, 0x0000021f82c31800, 0x0000021f82c31000, 0x0000021f82c2d800,
0x0000021f82c2e800, 0x0000021f81d6d000, 0x0000021f81d6b800, 0x0000021f81d6f800,
0x0000021f859ba000, 0x0000021f81d70800, 0x0000021f81d6c800, 0x0000021f81d71800,
0x0000021f81d6e000, 0x0000021f81d77000, 0x0000021f81d75800, 0x0000021f81d76000,
0x0000021f81d78000, 0x0000021f81d78800, 0x0000021f81d79800, 0x0000021f81d7a800
}

Java Threads: ( => current thread )
  0x0000021fe23fd000 JavaThread "main" [_thread_blocked, id=508, stack(0x00000053c4f00000,0x00000053c5000000)]
  0x0000021ffe85a800 JavaThread "Reference Handler" daemon [_thread_blocked, id=9896, stack(0x00000053c5600000,0x00000053c5700000)]
  0x0000021ffe867800 JavaThread "Finalizer" daemon [_thread_blocked, id=16092, stack(0x00000053c5700000,0x00000053c5800000)]
  0x0000021fff07d000 JavaThread "Signal Dispatcher" daemon [_thread_blocked, id=21396, stack(0x00000053c5800000,0x00000053c5900000)]
  0x0000021fff07e000 JavaThread "Attach Listener" daemon [_thread_blocked, id=13072, stack(0x00000053c5900000,0x00000053c5a00000)]
  0x0000021fff080800 JavaThread "Service Thread" daemon [_thread_blocked, id=11744, stack(0x00000053c5a00000,0x00000053c5b00000)]
  0x0000021fff08f800 JavaThread "C2 CompilerThread0" daemon [_thread_blocked, id=16256, stack(0x00000053c5b00000,0x00000053c5c00000)]
  0x0000021fff094000 JavaThread "C1 CompilerThread0" daemon [_thread_blocked, id=20868, stack(0x00000053c5c00000,0x00000053c5d00000)]
  0x0000021fff095800 JavaThread "Sweeper thread" daemon [_thread_blocked, id=14884, stack(0x00000053c5d00000,0x00000053c5e00000)]
  0x0000021fff230800 JavaThread "Common-Cleaner" daemon [_thread_blocked, id=10120, stack(0x00000053c5e00000,0x00000053c5f00000)]
  0x0000021f80e29800 JavaThread "Daemon health stats" [_thread_blocked, id=4820, stack(0x00000053c6400000,0x00000053c6500000)]
  0x0000021f81f09000 JavaThread "Incoming local TCP Connector on port 52621" [_thread_in_native, id=8556, stack(0x00000053c6000000,0x00000053c6100000)]
  0x0000021f81f0a800 JavaThread "Daemon periodic checks" [_thread_blocked, id=15924, stack(0x00000053c6100000,0x00000053c6200000)]
  0x0000021f82729800 JavaThread "Cache worker for journal cache (C:\Users\Arbaj Raza\.gradle\caches\journal-1)" [_thread_blocked, id=20912, stack(0x00000053c7100000,0x00000053c7200000)]
  0x0000021f8272c800 JavaThread "File lock request listener" [_thread_in_native, id=21100, stack(0x00000053c7200000,0x00000053c7300000)]
  0x0000021f82728800 JavaThread "Cache worker for file hash cache (C:\Users\Arbaj Raza\.gradle\caches\7.4\fileHashes)" [_thread_blocked, id=6116, stack(0x00000053c7300000,0x00000053c7400000)]
  0x0000021f8272e800 JavaThread "File watcher server" daemon [_thread_blocked, id=20280, stack(0x00000053c7700000,0x00000053c7800000)]
  0x0000021f8272a000 JavaThread "File watcher consumer" daemon [_thread_blocked, id=20424, stack(0x00000053c7800000,0x00000053c7900000)]
  0x0000021f82730000 JavaThread "Cache worker for execution history cache (C:\Users\Arbaj Raza\.gradle\caches\7.4\executionHistory)" [_thread_blocked, id=20244, stack(0x00000053c7d00000,0x00000053c7e00000)]
  0x0000021f82732800 JavaThread "jar transforms" [_thread_blocked, id=15708, stack(0x00000053c7e00000,0x00000053c7f00000)]
  0x0000021f82731000 JavaThread "Cache worker for file content cache (C:\Users\Arbaj Raza\.gradle\caches\7.4\fileContent)" [_thread_blocked, id=16656, stack(0x00000053c7f00000,0x00000053c8000000)]
  0x0000021f82735000 JavaThread "jar transforms Thread 2" [_thread_blocked, id=15512, stack(0x00000053c8000000,0x00000053c8100000)]
  0x0000021f82736800 JavaThread "jar transforms Thread 3" [_thread_blocked, id=19340, stack(0x00000053c8200000,0x00000053c8300000)]
  0x0000021f82a34000 JavaThread "jar transforms Thread 4" [_thread_blocked, id=12284, stack(0x00000053cd400000,0x00000053cd500000)]
  0x0000021f82a34800 JavaThread "jar transforms Thread 5" [_thread_blocked, id=20564, stack(0x00000053cd500000,0x00000053cd600000)]
  0x0000021f82a3a800 JavaThread "jar transforms Thread 6" [_thread_blocked, id=5464, stack(0x00000053cd600000,0x00000053cd700000)]
  0x0000021f82a3d000 JavaThread "jar transforms Thread 7" [_thread_blocked, id=18240, stack(0x00000053cd700000,0x00000053cd800000)]
  0x0000021f82a3b000 JavaThread "jar transforms Thread 8" [_thread_blocked, id=11676, stack(0x00000053cd800000,0x00000053cd900000)]
  0x0000021f82a3c000 JavaThread "Memory manager" [_thread_blocked, id=15796, stack(0x00000053cd900000,0x00000053cda00000)]
  0x0000021f805c5000 JavaThread "Cache worker for Java compile cache (C:\Users\Arbaj Raza\.gradle\caches\7.4\javaCompile)" [_thread_blocked, id=7900, stack(0x00000053cec00000,0x00000053ced00000)]
  0x0000021f81f08000 JavaThread "ForkJoinPool.commonPool-worker-1" daemon [_thread_blocked, id=19056, stack(0x00000053cf600000,0x00000053cf700000)]
  0x0000021f81d73800 JavaThread "ForkJoinPool.commonPool-worker-3" daemon [_thread_blocked, id=17668, stack(0x00000053cf500000,0x00000053cf600000)]
  0x0000021f81d73000 JavaThread "ForkJoinPool.commonPool-worker-7" daemon [_thread_blocked, id=20604, stack(0x00000053cf800000,0x00000053cf900000)]
  0x0000021f81d74800 JavaThread "ForkJoinPool.commonPool-worker-9" daemon [_thread_blocked, id=12184, stack(0x00000053cf900000,0x00000053cfa00000)]
  0x0000021f81d72000 JavaThread "ForkJoinPool.commonPool-worker-11" daemon [_thread_blocked, id=21000, stack(0x00000053cfa00000,0x00000053cfb00000)]
  0x0000021f81d6f000 JavaThread "ForkJoinPool.commonPool-worker-13" daemon [_thread_blocked, id=16940, stack(0x00000053cfb00000,0x00000053cfc00000)]
  0x0000021f82c29800 JavaThread "Daemon Thread 10" [_thread_blocked, id=20944, stack(0x00000053c4c00000,0x00000053c4d00000)]
  0x0000021f82c28000 JavaThread "Daemon worker Thread 10" [_thread_blocked, id=20756, stack(0x00000053c6500000,0x00000053c6600000)]
  0x0000021f82a41000 JavaThread "included builds" [_thread_blocked, id=13400, stack(0x00000053cd200000,0x00000053cd300000)]
  0x0000021f85009800 JavaThread "ForkJoinPool.commonPool-worker-15" daemon [_thread_blocked, id=11688, stack(0x00000053cea00000,0x00000053ceb00000)]
  0x0000021f85010000 JavaThread "Handler for socket connection from /127.0.0.1:52621 to /127.0.0.1:53218" [_thread_in_native, id=16972, stack(0x00000053c4d00000,0x00000053c4e00000)]
  0x0000021f8500c000 JavaThread "Cancel handler" [_thread_blocked, id=9056, stack(0x00000053c4e00000,0x00000053c4f00000)]
  0x0000021f8500d000 JavaThread "Asynchronous log dispatcher for DefaultDaemonConnection: socket connection from /127.0.0.1:52621 to /127.0.0.1:53218" [_thread_blocked, id=19924, stack(0x00000053c6600000,0x00000053c6700000)]
  0x0000021f8500d800 JavaThread "Stdin handler" [_thread_blocked, id=12444, stack(0x00000053c6700000,0x00000053c6800000)]
  0x0000021f8500e800 JavaThread "Daemon client event forwarder" [_thread_blocked, id=19368, stack(0x00000053c6800000,0x00000053c6900000)]
  0x0000021f8500f000 JavaThread "Cache worker for checksums cache (C:\Users\Arbaj Raza\Desktop\WomenSaftey\.gradle\7.4\checksums)" [_thread_blocked, id=18068, stack(0x00000053c6900000,0x00000053c6a00000)]
  0x0000021f8500a800 JavaThread "Cache worker for cache directory md-rule (C:\Users\Arbaj Raza\.gradle\caches\7.4\md-rule)" [_thread_blocked, id=15632, stack(0x00000053c6a00000,0x00000053c6b00000)]
  0x0000021f85011000 JavaThread "Cache worker for file hash cache (C:\Users\Arbaj Raza\Desktop\WomenSaftey\.gradle\7.4\fileHashes)" [_thread_blocked, id=12280, stack(0x00000053c6b00000,0x00000053c6c00000)]
  0x0000021f8500b000 JavaThread "Cache worker for cache directory md-supplier (C:\Users\Arbaj Raza\.gradle\caches\7.4\md-supplier)" [_thread_blocked, id=14732, stack(0x00000053c7500000,0x00000053c7600000)]
  0x0000021f85013800 JavaThread "Cache worker for dependencies-accessors (C:\Users\Arbaj Raza\Desktop\WomenSaftey\.gradle\7.4\dependencies-accessors)" [_thread_blocked, id=20396, stack(0x00000053c7600000,0x00000053c7700000)]
  0x0000021f85011800 JavaThread "Cache worker for Build Output Cleanup Cache (C:\Users\Arbaj Raza\Desktop\WomenSaftey\.gradle\buildOutputCleanup)" [_thread_blocked, id=16716, stack(0x00000053c7900000,0x00000053c7a00000)]
  0x0000021f859b8800 JavaThread "C2 CompilerThread1" daemon [_thread_blocked, id=18128, stack(0x00000053c7a00000,0x00000053c7b00000)]
  0x0000021f85012800 JavaThread "Unconstrained build operations" [_thread_blocked, id=11108, stack(0x00000053c7b00000,0x00000053c7c00000)]
  0x0000021f85016800 JavaThread "Unconstrained build operations Thread 2" [_thread_blocked, id=20032, stack(0x00000053c7c00000,0x00000053c7d00000)]
  0x0000021f85014000 JavaThread "Unconstrained build operations Thread 3" [_thread_blocked, id=18936, stack(0x00000053c8100000,0x00000053c8200000)]
  0x0000021f85017800 JavaThread "Unconstrained build operations Thread 4" [_thread_blocked, id=18736, stack(0x00000053c8300000,0x00000053c8400000)]
  0x0000021f85015000 JavaThread "Unconstrained build operations Thread 5" [_thread_blocked, id=14760, stack(0x00000053c8400000,0x00000053c8500000)]
  0x0000021f85016000 JavaThread "Unconstrained build operations Thread 6" [_thread_blocked, id=15308, stack(0x00000053c8500000,0x00000053c8600000)]
  0x0000021f85018000 JavaThread "Unconstrained build operations Thread 7" [_thread_blocked, id=17224, stack(0x00000053c8600000,0x00000053c8700000)]
  0x0000021f805c1000 JavaThread "Unconstrained build operations Thread 8" [_thread_blocked, id=10056, stack(0x00000053c8700000,0x00000053c8800000)]
  0x0000021f805c7800 JavaThread "Unconstrained build operations Thread 9" [_thread_blocked, id=5876, stack(0x00000053c8800000,0x00000053c8900000)]
  0x0000021f805c2000 JavaThread "Unconstrained build operations Thread 10" [_thread_blocked, id=7064, stack(0x00000053c8900000,0x00000053c8a00000)]
  0x0000021f805c8800 JavaThread "Unconstrained build operations Thread 11" [_thread_blocked, id=14828, stack(0x00000053c8a00000,0x00000053c8b00000)]
  0x0000021f805c6000 JavaThread "Unconstrained build operations Thread 12" [_thread_blocked, id=15380, stack(0x00000053c8b00000,0x00000053c8c00000)]
  0x0000021f805c4800 JavaThread "Unconstrained build operations Thread 13" [_thread_blocked, id=10276, stack(0x00000053c8c00000,0x00000053c8d00000)]
  0x0000021f805c7000 JavaThread "Unconstrained build operations Thread 14" [_thread_blocked, id=15724, stack(0x00000053c8d00000,0x00000053c8e00000)]
  0x0000021f805c2800 JavaThread "Unconstrained build operations Thread 15" [_thread_blocked, id=18860, stack(0x00000053c8e00000,0x00000053c8f00000)]
  0x0000021f805c9000 JavaThread "Unconstrained build operations Thread 16" [_thread_blocked, id=6192, stack(0x00000053c8f00000,0x00000053c9000000)]
  0x0000021f805c3800 JavaThread "Unconstrained build operations Thread 17" [_thread_blocked, id=17928, stack(0x00000053c9000000,0x00000053c9100000)]
  0x0000021f805ca000 JavaThread "Unconstrained build operations Thread 18" [_thread_blocked, id=16072, stack(0x00000053c9100000,0x00000053c9200000)]
  0x0000021f805cc800 JavaThread "Unconstrained build operations Thread 19" [_thread_blocked, id=9188, stack(0x00000053c9200000,0x00000053c9300000)]
  0x0000021f805cb000 JavaThread "Unconstrained build operations Thread 20" [_thread_blocked, id=1184, stack(0x00000053c9300000,0x00000053c9400000)]
  0x0000021f805cb800 JavaThread "Unconstrained build operations Thread 21" [_thread_blocked, id=8208, stack(0x00000053c9400000,0x00000053c9500000)]
  0x0000021f805d0000 JavaThread "Unconstrained build operations Thread 22" [_thread_blocked, id=11408, stack(0x00000053c9500000,0x00000053c9600000)]
  0x0000021f805cd800 JavaThread "Unconstrained build operations Thread 23" [_thread_blocked, id=9776, stack(0x00000053c9600000,0x00000053c9700000)]
  0x0000021f805ce000 JavaThread "Unconstrained build operations Thread 24" [_thread_blocked, id=18424, stack(0x00000053c9700000,0x00000053c9800000)]
  0x0000021f805cf000 JavaThread "Unconstrained build operations Thread 25" [_thread_blocked, id=1884, stack(0x00000053c9800000,0x00000053c9900000)]
  0x0000021f8a285800 JavaThread "Unconstrained build operations Thread 26" [_thread_blocked, id=7112, stack(0x00000053c9900000,0x00000053c9a00000)]
  0x0000021f8a28b000 JavaThread "Unconstrained build operations Thread 27" [_thread_blocked, id=19788, stack(0x00000053c9a00000,0x00000053c9b00000)]
  0x0000021f8a28c000 JavaThread "Unconstrained build operations Thread 28" [_thread_blocked, id=2824, stack(0x00000053c9b00000,0x00000053c9c00000)]
  0x0000021f8a288000 JavaThread "Unconstrained build operations Thread 29" [_thread_blocked, id=21276, stack(0x00000053c9c00000,0x00000053c9d00000)]
  0x0000021f8a288800 JavaThread "Unconstrained build operations Thread 30" [_thread_blocked, id=12188, stack(0x00000053c9d00000,0x00000053c9e00000)]
  0x0000021f8a287000 JavaThread "Unconstrained build operations Thread 31" [_thread_blocked, id=13392, stack(0x00000053c9e00000,0x00000053c9f00000)]
  0x0000021f8a286000 JavaThread "Unconstrained build operations Thread 32" [_thread_blocked, id=19172, stack(0x00000053c9f00000,0x00000053ca000000)]
  0x0000021f8a28d000 JavaThread "Unconstrained build operations Thread 33" [_thread_blocked, id=14488, stack(0x00000053ca000000,0x00000053ca100000)]
  0x0000021f8a289800 JavaThread "Unconstrained build operations Thread 34" [_thread_blocked, id=18624, stack(0x00000053ca100000,0x00000053ca200000)]
  0x0000021f8a28e800 JavaThread "Unconstrained build operations Thread 35" [_thread_blocked, id=11184, stack(0x00000053ca200000,0x00000053ca300000)]
  0x0000021f8a28f000 JavaThread "Unconstrained build operations Thread 36" [_thread_blocked, id=2068, stack(0x00000053ca300000,0x00000053ca400000)]
  0x0000021f8a28a800 JavaThread "Unconstrained build operations Thread 37" [_thread_blocked, id=15776, stack(0x00000053ca400000,0x00000053ca500000)]
  0x0000021f8a294000 JavaThread "Unconstrained build operations Thread 38" [_thread_blocked, id=1500, stack(0x00000053ca500000,0x00000053ca600000)]
  0x0000021f8a293800 JavaThread "Unconstrained build operations Thread 39" [_thread_blocked, id=9848, stack(0x00000053ca600000,0x00000053ca700000)]
  0x0000021f8a290000 JavaThread "Unconstrained build operations Thread 40" [_thread_blocked, id=19496, stack(0x00000053ca700000,0x00000053ca800000)]
  0x0000021f8a291800 JavaThread "Unconstrained build operations Thread 41" [_thread_blocked, id=16308, stack(0x00000053ca800000,0x00000053ca900000)]
  0x0000021f8a291000 JavaThread "Unconstrained build operations Thread 42" [_thread_blocked, id=20828, stack(0x00000053ca900000,0x00000053caa00000)]
  0x0000021f8a292800 JavaThread "Unconstrained build operations Thread 43" [_thread_blocked, id=8384, stack(0x00000053caa00000,0x00000053cab00000)]
  0x0000021f82870000 JavaThread "Unconstrained build operations Thread 44" [_thread_blocked, id=17440, stack(0x00000053cab00000,0x00000053cac00000)]
  0x0000021f82870800 JavaThread "Unconstrained build operations Thread 45" [_thread_blocked, id=14752, stack(0x00000053cac00000,0x00000053cad00000)]
  0x0000021f8286c000 JavaThread "Unconstrained build operations Thread 46" [_thread_blocked, id=9372, stack(0x00000053cad00000,0x00000053cae00000)]
  0x0000021f8286f000 JavaThread "Unconstrained build operations Thread 47" [_thread_blocked, id=7924, stack(0x00000053cae00000,0x00000053caf00000)]
  0x0000021f8286b000 JavaThread "Unconstrained build operations Thread 48" [_thread_blocked, id=20872, stack(0x00000053caf00000,0x00000053cb000000)]
  0x0000021f82871800 JavaThread "Unconstrained build operations Thread 49" [_thread_blocked, id=20552, stack(0x00000053cb000000,0x00000053cb100000)]
  0x0000021f82872800 JavaThread "Unconstrained build operations Thread 50" [_thread_blocked, id=16876, stack(0x00000053cb100000,0x00000053cb200000)]
  0x0000021f8286c800 JavaThread "Unconstrained build operations Thread 51" [_thread_blocked, id=1752, stack(0x00000053cb200000,0x00000053cb300000)]
  0x0000021f82873000 JavaThread "Unconstrained build operations Thread 52" [_thread_blocked, id=1560, stack(0x00000053cb300000,0x00000053cb400000)]
  0x0000021f8286d800 JavaThread "Unconstrained build operations Thread 53" [_thread_blocked, id=8712, stack(0x00000053cb400000,0x00000053cb500000)]
  0x0000021f8286e800 JavaThread "Unconstrained build operations Thread 54" [_thread_blocked, id=20316, stack(0x00000053cb500000,0x00000053cb600000)]
  0x0000021f82878000 JavaThread "Unconstrained build operations Thread 55" [_thread_blocked, id=1072, stack(0x00000053cb600000,0x00000053cb700000)]
  0x0000021f82879000 JavaThread "Unconstrained build operations Thread 56" [_thread_blocked, id=15800, stack(0x00000053cb700000,0x00000053cb800000)]
  0x0000021f82876800 JavaThread "Unconstrained build operations Thread 57" [_thread_blocked, id=19000, stack(0x00000053cb800000,0x00000053cb900000)]
  0x0000021f82879800 JavaThread "Unconstrained build operations Thread 58" [_thread_blocked, id=19652, stack(0x00000053cb900000,0x00000053cba00000)]
  0x0000021f82874000 JavaThread "Unconstrained build operations Thread 59" [_thread_blocked, id=14252, stack(0x00000053cba00000,0x00000053cbb00000)]
  0x0000021f82875000 JavaThread "Unconstrained build operations Thread 60" [_thread_blocked, id=3064, stack(0x00000053cbb00000,0x00000053cbc00000)]
  0x0000021f82875800 JavaThread "Unconstrained build operations Thread 61" [_thread_blocked, id=5296, stack(0x00000053cbc00000,0x00000053cbd00000)]
  0x0000021f82c2a800 JavaThread "Unconstrained build operations Thread 62" [_thread_blocked, id=17860, stack(0x00000053cbd00000,0x00000053cbe00000)]
  0x0000021f82c24800 JavaThread "Unconstrained build operations Thread 63" [_thread_blocked, id=13404, stack(0x00000053cbe00000,0x00000053cbf00000)]
  0x0000021f82c2b000 JavaThread "Unconstrained build operations Thread 64" [_thread_blocked, id=16056, stack(0x00000053cbf00000,0x00000053cc000000)]
  0x0000021f82c25800 JavaThread "Unconstrained build operations Thread 65" [_thread_blocked, id=19280, stack(0x00000053cc000000,0x00000053cc100000)]
  0x0000021f82c2c000 JavaThread "Unconstrained build operations Thread 66" [_thread_blocked, id=20248, stack(0x00000053cc100000,0x00000053cc200000)]
  0x0000021f82c26000 JavaThread "Unconstrained build operations Thread 67" [_thread_blocked, id=18764, stack(0x00000053cc200000,0x00000053cc300000)]
  0x0000021f82c2c800 JavaThread "Unconstrained build operations Thread 68" [_thread_blocked, id=3688, stack(0x00000053cc300000,0x00000053cc400000)]
  0x0000021f82c27000 JavaThread "Unconstrained build operations Thread 69" [_thread_blocked, id=1264, stack(0x00000053cc400000,0x00000053cc500000)]
  0x0000021f82c2f000 JavaThread "Unconstrained build operations Thread 70" [_thread_blocked, id=12852, stack(0x00000053cc500000,0x00000053cc600000)]
  0x0000021f82c32800 JavaThread "Unconstrained build operations Thread 71" [_thread_blocked, id=19724, stack(0x00000053cc600000,0x00000053cc700000)]
  0x0000021f82c30000 JavaThread "Unconstrained build operations Thread 72" [_thread_blocked, id=7888, stack(0x00000053cc700000,0x00000053cc800000)]
  0x0000021f82c33000 JavaThread "Unconstrained build operations Thread 73" [_thread_blocked, id=5952, stack(0x00000053cc800000,0x00000053cc900000)]
  0x0000021f82c31800 JavaThread "Unconstrained build operations Thread 74" [_thread_blocked, id=21196, stack(0x00000053cc900000,0x00000053cca00000)]
  0x0000021f82c31000 JavaThread "Unconstrained build operations Thread 75" [_thread_blocked, id=13780, stack(0x00000053cca00000,0x00000053ccb00000)]
  0x0000021f82c2d800 JavaThread "Unconstrained build operations Thread 76" [_thread_blocked, id=1840, stack(0x00000053ccb00000,0x00000053ccc00000)]
  0x0000021f82c2e800 JavaThread "Unconstrained build operations Thread 77" [_thread_blocked, id=4524, stack(0x00000053ccc00000,0x00000053ccd00000)]
  0x0000021f81d6d000 JavaThread "Unconstrained build operations Thread 78" [_thread_blocked, id=9020, stack(0x00000053ccd00000,0x00000053cce00000)]
  0x0000021f81d6b800 JavaThread "Unconstrained build operations Thread 79" [_thread_blocked, id=5824, stack(0x00000053cce00000,0x00000053ccf00000)]
  0x0000021f81d6f800 JavaThread "Unconstrained build operations Thread 80" [_thread_blocked, id=3940, stack(0x00000053ccf00000,0x00000053cd000000)]
  0x0000021f859ba000 JavaThread "C2 CompilerThread2" daemon [_thread_blocked, id=8828, stack(0x00000053cd000000,0x00000053cd100000)]
  0x0000021f81d70800 JavaThread "build event listener" [_thread_blocked, id=12100, stack(0x00000053cd100000,0x00000053cd200000)]
  0x0000021f81d6c800 JavaThread "included builds" [_thread_blocked, id=18504, stack(0x00000053cd300000,0x00000053cd400000)]
  0x0000021f81d71800 JavaThread "Execution worker for ':'" [_thread_blocked, id=5328, stack(0x00000053cda00000,0x00000053cdb00000)]
  0x0000021f81d6e000 JavaThread "Execution worker for ':' Thread 2" [_thread_blocked, id=16496, stack(0x00000053cdb00000,0x00000053cdc00000)]
  0x0000021f81d77000 JavaThread "Execution worker for ':' Thread 3" [_thread_blocked, id=5652, stack(0x00000053cdc00000,0x00000053cdd00000)]
  0x0000021f81d75800 JavaThread "Execution worker for ':' Thread 4" [_thread_blocked, id=16416, stack(0x00000053cdd00000,0x00000053cde00000)]
  0x0000021f81d76000 JavaThread "Execution worker for ':' Thread 5" [_thread_blocked, id=15024, stack(0x00000053cde00000,0x00000053cdf00000)]
  0x0000021f81d78000 JavaThread "Execution worker for ':' Thread 6" [_thread_blocked, id=17104, stack(0x00000053cdf00000,0x00000053ce000000)]
  0x0000021f81d78800 JavaThread "Execution worker for ':' Thread 7" [_thread_blocked, id=3260, stack(0x00000053ce000000,0x00000053ce100000)]
  0x0000021f81d79800 JavaThread "Cache worker for execution history cache (C:\Users\Arbaj Raza\Desktop\WomenSaftey\.gradle\7.4\executionHistory)" [_thread_blocked, id=11916, stack(0x00000053ce100000,0x00000053ce200000)]
  0x0000021f81d7a800 JavaThread "WorkerExecutor Queue" [_thread_blocked, id=11388, stack(0x00000053ce200000,0x00000053ce300000)]

Other Threads:
=>0x0000021ffe816000 VMThread "VM Thread" [stack: 0x00000053c5500000,0x00000053c5600000] [id=18780]
  0x0000021fff241800 WatcherThread [stack: 0x00000053c5f00000,0x00000053c6000000] [id=16188]
  0x0000021fe2416000 GCTaskThread "GC Thread#0" [stack: 0x00000053c5000000,0x00000053c5100000] [id=4520]
  0x0000021f803ff800 GCTaskThread "GC Thread#1" [stack: 0x00000053c6200000,0x00000053c6300000] [id=13732]
  0x0000021f802db000 GCTaskThread "GC Thread#2" [stack: 0x00000053c6300000,0x00000053c6400000] [id=5616]
  0x0000021f81957800 GCTaskThread "GC Thread#3" [stack: 0x00000053c6c00000,0x00000053c6d00000] [id=15392]
  0x0000021f80fce800 GCTaskThread "GC Thread#4" [stack: 0x00000053c6d00000,0x00000053c6e00000] [id=17788]
  0x0000021fff455000 GCTaskThread "GC Thread#5" [stack: 0x00000053c6e00000,0x00000053c6f00000] [id=15964]
  0x0000021f81b2a000 GCTaskThread "GC Thread#6" [stack: 0x00000053c6f00000,0x00000053c7000000] [id=20120]
  0x0000021f80bdb000 GCTaskThread "GC Thread#7" [stack: 0x00000053c7000000,0x00000053c7100000] [id=20920]
  0x0000021fe2448000 ConcurrentGCThread "G1 Main Marker" [stack: 0x00000053c5100000,0x00000053c5200000] [id=7788]
  0x0000021fe2449000 ConcurrentGCThread "G1 Conc#0" [stack: 0x00000053c5200000,0x00000053c5300000] [id=12552]
  0x0000021f81af0000 ConcurrentGCThread "G1 Conc#1" [stack: 0x00000053c7400000,0x00000053c7500000] [id=7380]
  0x0000021ffe680800 ConcurrentGCThread "G1 Refine#0" [stack: 0x00000053c5300000,0x00000053c5400000] [id=4564]
  0x0000021f84424800 ConcurrentGCThread "G1 Refine#1" [stack: 0x00000053ce400000,0x00000053ce500000] [id=7324]
  0x0000021f84423000 ConcurrentGCThread "G1 Refine#2" [stack: 0x00000053ce500000,0x00000053ce600000] [id=21464]
  0x0000021ffe681800 ConcurrentGCThread "G1 Young RemSet Sampling" [stack: 0x00000053c5400000,0x00000053c5500000] [id=14792]

Threads with active compile tasks:
C2 CompilerThread02114141 29103       4       com.android.tools.r8.internal.bw::d (29 bytes)
C1 CompilerThread02114141 29809       2       java.util.HashMap::containsValue (89 bytes)
C2 CompilerThread12114141 29493       4       com.android.tools.r8.internal.bw::c (280 bytes)
C2 CompilerThread22114141 29205 %     4       com.android.tools.r8.internal.Ra::a @ 1516 (6176 bytes)

VM state:at safepoint (normal execution)

VM Mutex/Monitor currently owned by a thread:  ([mutex/lock_event])
[0x0000021fe23f8d40] Threads_lock - owner thread: 0x0000021ffe816000
[0x0000021fe23f9ac0] Heap_lock - owner thread: 0x0000021f82873000

Heap address: 0x0000000080000000, size: 2048 MB, Compressed Oops mode: 32-bit
Narrow klass base: 0x0000000000000000, Narrow klass shift: 3
Compressed class space size: 1073741824 Address: 0x0000000100000000

Heap:
 garbage-first heap   total 381952K, used 163749K [0x0000000080000000, 0x0000000100000000)
  region size 1024K, 5 young (5120K), 5 survivors (5120K)
 Metaspace       used 130334K, capacity 135012K, committed 135504K, reserved 1167360K
  class space    used 15999K, capacity 17726K, committed 18080K, reserved 1048576K
Heap Regions: E=young(eden), S=young(survivor), O=old, HS=humongous(starts), HC=humongous(continues), CS=collection set, F=free, A=archive, TAMS=top-at-mark-start (previous, next)
|   0|0x0000000080000000, 0x0000000080100000, 0x0000000080100000|100%| O|  |TAMS 0x0000000080100000, 0x0000000080000000| Updating 
|   1|0x0000000080100000, 0x0000000080200000, 0x0000000080200000|100%| O|  |TAMS 0x0000000080200000, 0x0000000080100000| Updating 
|   2|0x0000000080200000, 0x0000000080300000, 0x0000000080300000|100%| O|  |TAMS 0x0000000080300000, 0x0000000080200000| Updating 
|   3|0x0000000080300000, 0x0000000080400000, 0x0000000080400000|100%|HS|  |TAMS 0x0000000080400000, 0x0000000080300000| Complete 
|   4|0x0000000080400000, 0x0000000080500000, 0x0000000080500000|100%|HC|  |TAMS 0x0000000080500000, 0x0000000080400000| Complete 
|   5|0x0000000080500000, 0x0000000080600000, 0x0000000080600000|100%|HC|  |TAMS 0x0000000080600000, 0x0000000080500000| Complete 
|   6|0x0000000080600000, 0x0000000080700000, 0x0000000080700000|100%| O|  |TAMS 0x0000000080700000, 0x0000000080600000| Updating 
|   7|0x0000000080700000, 0x0000000080800000, 0x0000000080800000|100%| O|  |TAMS 0x0000000080800000, 0x0000000080700000| Updating 
|   8|0x0000000080800000, 0x0000000080900000, 0x0000000080900000|100%| O|  |TAMS 0x0000000080900000, 0x0000000080800000| Updating 
|   9|0x0000000080900000, 0x0000000080a00000, 0x0000000080a00000|100%| O|  |TAMS 0x0000000080a00000, 0x0000000080900000| Updating 
|  10|0x0000000080a00000, 0x0000000080b00000, 0x0000000080b00000|100%| O|  |TAMS 0x0000000080b00000, 0x0000000080a00000| Updating 
|  11|0x0000000080b00000, 0x0000000080c00000, 0x0000000080c00000|100%| O|  |TAMS 0x0000000080c00000, 0x0000000080b00000| Updating 
|  12|0x0000000080c00000, 0x0000000080d00000, 0x0000000080d00000|100%| O|  |TAMS 0x0000000080d00000, 0x0000000080c00000| Updating 
|  13|0x0000000080d00000, 0x0000000080e00000, 0x0000000080e00000|100%| O|  |TAMS 0x0000000080e00000, 0x0000000080d00000| Updating 
|  14|0x0000000080e00000, 0x0000000080f00000, 0x0000000080f00000|100%| O|  |TAMS 0x0000000080f00000, 0x0000000080e00000| Updating 
|  15|0x0000000080f00000, 0x0000000081000000, 0x0000000081000000|100%| O|  |TAMS 0x0000000081000000, 0x0000000080f00000| Updating 
|  16|0x0000000081000000, 0x0000000081100000, 0x0000000081100000|100%|HS|  |TAMS 0x0000000081100000, 0x0000000081000000| Complete 
|  17|0x0000000081100000, 0x0000000081200000, 0x0000000081200000|100%| O|  |TAMS 0x0000000081200000, 0x0000000081100000| Updating 
|  18|0x0000000081200000, 0x0000000081300000, 0x0000000081300000|100%| O|  |TAMS 0x0000000081300000, 0x0000000081200000| Updating 
|  19|0x0000000081300000, 0x0000000081400000, 0x0000000081400000|100%| O|  |TAMS 0x0000000081400000, 0x0000000081300000| Updating 
|  20|0x0000000081400000, 0x0000000081500000, 0x0000000081500000|100%| O|  |TAMS 0x0000000081500000, 0x0000000081400000| Updating 
|  21|0x0000000081500000, 0x0000000081600000, 0x0000000081600000|100%| O|  |TAMS 0x0000000081600000, 0x0000000081500000| Updating 
|  22|0x0000000081600000, 0x0000000081700000, 0x0000000081700000|100%| O|  |TAMS 0x0000000081700000, 0x0000000081600000| Updating 
|  23|0x0000000081700000, 0x0000000081800000, 0x0000000081800000|100%| O|  |TAMS 0x0000000081800000, 0x0000000081700000| Updating 
|  24|0x0000000081800000, 0x0000000081900000, 0x0000000081900000|100%| O|  |TAMS 0x0000000081900000, 0x0000000081800000| Updating 
|  25|0x0000000081900000, 0x0000000081a00000, 0x0000000081a00000|100%| O|  |TAMS 0x0000000081a00000, 0x0000000081900000| Updating 
|  26|0x0000000081a00000, 0x0000000081b00000, 0x0000000081b00000|100%| O|  |TAMS 0x0000000081b00000, 0x0000000081a00000| Updating 
|  27|0x0000000081b00000, 0x0000000081c00000, 0x0000000081c00000|100%| O|  |TAMS 0x0000000081c00000, 0x0000000081b00000| Updating 
|  28|0x0000000081c00000, 0x0000000081d00000, 0x0000000081d00000|100%|HS|  |TAMS 0x0000000081d00000, 0x0000000081c00000| Complete 
|  29|0x0000000081d00000, 0x0000000081e00000, 0x0000000081e00000|100%| O|  |TAMS 0x0000000081e00000, 0x0000000081d00000| Updating 
|  30|0x0000000081e00000, 0x0000000081f00000, 0x0000000081f00000|100%|HS|  |TAMS 0x0000000081f00000, 0x0000000081e00000| Complete 
|  31|0x0000000081f00000, 0x0000000082000000, 0x0000000082000000|100%|HC|  |TAMS 0x0000000082000000, 0x0000000081f00000| Complete 
|  32|0x0000000082000000, 0x0000000082100000, 0x0000000082100000|100%| O|  |TAMS 0x0000000082000000, 0x0000000082000000| Untracked 
|  33|0x0000000082100000, 0x0000000082200000, 0x0000000082200000|100%| O|  |TAMS 0x0000000082200000, 0x0000000082100000| Updating 
|  34|0x0000000082200000, 0x0000000082300000, 0x0000000082300000|100%| O|  |TAMS 0x0000000082300000, 0x0000000082200000| Updating 
|  35|0x0000000082300000, 0x0000000082400000, 0x0000000082400000|100%| O|  |TAMS 0x0000000082400000, 0x0000000082300000| Updating 
|  36|0x0000000082400000, 0x0000000082500000, 0x0000000082500000|100%| O|  |TAMS 0x0000000082500000, 0x0000000082400000| Updating 
|  37|0x0000000082500000, 0x0000000082600000, 0x0000000082600000|100%| O|  |TAMS 0x0000000082600000, 0x0000000082500000| Updating 
|  38|0x0000000082600000, 0x0000000082700000, 0x0000000082700000|100%| O|  |TAMS 0x0000000082600000, 0x0000000082600000| Untracked 
|  39|0x0000000082700000, 0x0000000082800000, 0x0000000082800000|100%| O|  |TAMS 0x0000000082700000, 0x0000000082700000| Untracked 
|  40|0x0000000082800000, 0x0000000082900000, 0x0000000082900000|100%| O|  |TAMS 0x0000000082900000, 0x0000000082800000| Updating 
|  41|0x0000000082900000, 0x0000000082a00000, 0x0000000082a00000|100%| O|  |TAMS 0x0000000082a00000, 0x0000000082900000| Updating 
|  42|0x0000000082a00000, 0x0000000082b00000, 0x0000000082b00000|100%| O|  |TAMS 0x0000000082b00000, 0x0000000082a00000| Updating 
|  43|0x0000000082b00000, 0x0000000082c00000, 0x0000000082c00000|100%| O|  |TAMS 0x0000000082c00000, 0x0000000082b00000| Updating 
|  44|0x0000000082c00000, 0x0000000082d00000, 0x0000000082d00000|100%| O|  |TAMS 0x0000000082d00000, 0x0000000082c00000| Updating 
|  45|0x0000000082d00000, 0x0000000082e00000, 0x0000000082e00000|100%| O|  |TAMS 0x0000000082e00000, 0x0000000082d00000| Updating 
|  46|0x0000000082e00000, 0x0000000082f00000, 0x0000000082f00000|100%| O|  |TAMS 0x0000000082f00000, 0x0000000082e00000| Updating 
|  47|0x0000000082f00000, 0x0000000083000000, 0x0000000083000000|100%| O|  |TAMS 0x0000000083000000, 0x0000000082f00000| Updating 
|  48|0x0000000083000000, 0x0000000083100000, 0x0000000083100000|100%| O|  |TAMS 0x0000000083100000, 0x0000000083000000| Updating 
|  49|0x0000000083100000, 0x0000000083200000, 0x0000000083200000|100%| O|  |TAMS 0x0000000083200000, 0x0000000083100000| Updating 
|  50|0x0000000083200000, 0x0000000083300000, 0x0000000083300000|100%| O|  |TAMS 0x0000000083300000, 0x0000000083200000| Updating 
|  51|0x0000000083300000, 0x0000000083400000, 0x0000000083400000|100%| O|  |TAMS 0x0000000083400000, 0x0000000083300000| Updating 
|  52|0x0000000083400000, 0x0000000083500000, 0x0000000083500000|100%| O|  |TAMS 0x0000000083500000, 0x0000000083400000| Updating 
|  53|0x0000000083500000, 0x0000000083600000, 0x0000000083600000|100%| O|  |TAMS 0x0000000083600000, 0x0000000083500000| Updating 
|  54|0x0000000083600000, 0x0000000083700000, 0x0000000083700000|100%| O|  |TAMS 0x0000000083700000, 0x0000000083600000| Updating 
|  55|0x0000000083700000, 0x0000000083800000, 0x0000000083800000|100%| O|  |TAMS 0x0000000083800000, 0x0000000083700000| Updating 
|  56|0x0000000083800000, 0x0000000083900000, 0x0000000083900000|100%| O|  |TAMS 0x0000000083900000, 0x0000000083800000| Updating 
|  57|0x0000000083900000, 0x0000000083a00000, 0x0000000083a00000|100%| O|  |TAMS 0x0000000083a00000, 0x0000000083900000| Updating 
|  58|0x0000000083a00000, 0x0000000083b00000, 0x0000000083b00000|100%| O|  |TAMS 0x0000000083b00000, 0x0000000083a00000| Updating 
|  59|0x0000000083b00000, 0x0000000083c00000, 0x0000000083c00000|100%| O|  |TAMS 0x0000000083c00000, 0x0000000083b00000| Updating 
|  60|0x0000000083c00000, 0x0000000083d00000, 0x0000000083d00000|100%| O|  |TAMS 0x0000000083d00000, 0x0000000083c00000| Updating 
|  61|0x0000000083d00000, 0x0000000083e00000, 0x0000000083e00000|100%| O|  |TAMS 0x0000000083e00000, 0x0000000083d00000| Updating 
|  62|0x0000000083e00000, 0x0000000083f00000, 0x0000000083f00000|100%| O|  |TAMS 0x0000000083f00000, 0x0000000083e00000| Updating 
|  63|0x0000000083f00000, 0x0000000084000000, 0x0000000084000000|100%| O|  |TAMS 0x0000000084000000, 0x0000000083f00000| Updating 
|  64|0x0000000084000000, 0x0000000084100000, 0x0000000084100000|100%| O|  |TAMS 0x0000000084100000, 0x0000000084000000| Updating 
|  65|0x0000000084100000, 0x0000000084200000, 0x0000000084200000|100%| O|  |TAMS 0x0000000084100000, 0x0000000084100000| Untracked 
|  66|0x0000000084200000, 0x0000000084300000, 0x0000000084300000|100%| O|  |TAMS 0x0000000084300000, 0x0000000084200000| Updating 
|  67|0x0000000084300000, 0x0000000084400000, 0x0000000084400000|100%| O|  |TAMS 0x0000000084400000, 0x0000000084300000| Updating 
|  68|0x0000000084400000, 0x0000000084500000, 0x0000000084500000|100%| O|  |TAMS 0x0000000084500000, 0x0000000084400000| Updating 
|  69|0x0000000084500000, 0x0000000084600000, 0x0000000084600000|100%| O|  |TAMS 0x0000000084600000, 0x0000000084500000| Updating 
|  70|0x0000000084600000, 0x0000000084700000, 0x0000000084700000|100%| O|  |TAMS 0x0000000084700000, 0x0000000084600000| Updating 
|  71|0x0000000084700000, 0x0000000084800000, 0x0000000084800000|100%| O|  |TAMS 0x0000000084800000, 0x0000000084700000| Updating 
|  72|0x0000000084800000, 0x0000000084900000, 0x0000000084900000|100%| O|  |TAMS 0x0000000084900000, 0x0000000084800000| Updating 
|  73|0x0000000084900000, 0x0000000084a00000, 0x0000000084a00000|100%| O|  |TAMS 0x0000000084a00000, 0x0000000084900000| Updating 
|  74|0x0000000084a00000, 0x0000000084b00000, 0x0000000084b00000|100%| O|  |TAMS 0x0000000084b00000, 0x0000000084a00000| Updating 
|  75|0x0000000084b00000, 0x0000000084c00000, 0x0000000084c00000|100%| O|  |TAMS 0x0000000084c00000, 0x0000000084b00000| Updating 
|  76|0x0000000084c00000, 0x0000000084d00000, 0x0000000084d00000|100%| O|  |TAMS 0x0000000084d00000, 0x0000000084c00000| Updating 
|  77|0x0000000084d00000, 0x0000000084e00000, 0x0000000084e00000|100%| O|  |TAMS 0x0000000084e00000, 0x0000000084d00000| Updating 
|  78|0x0000000084e00000, 0x0000000084f00000, 0x0000000084f00000|100%| O|  |TAMS 0x0000000084f00000, 0x0000000084e00000| Updating 
|  79|0x0000000084f00000, 0x0000000085000000, 0x0000000085000000|100%| O|  |TAMS 0x0000000085000000, 0x0000000084f00000| Updating 
|  80|0x0000000085000000, 0x0000000085100000, 0x0000000085100000|100%| O|  |TAMS 0x0000000085100000, 0x0000000085000000| Updating 
|  81|0x0000000085100000, 0x0000000085200000, 0x0000000085200000|100%| O|  |TAMS 0x0000000085200000, 0x0000000085100000| Updating 
|  82|0x0000000085200000, 0x0000000085300000, 0x0000000085300000|100%| O|  |TAMS 0x0000000085200000, 0x0000000085200000| Untracked 
|  83|0x0000000085300000, 0x0000000085400000, 0x0000000085400000|100%| O|  |TAMS 0x0000000085400000, 0x0000000085300000| Updating 
|  84|0x0000000085400000, 0x0000000085500000, 0x0000000085500000|100%| O|  |TAMS 0x0000000085500000, 0x0000000085400000| Updating 
|  85|0x0000000085500000, 0x0000000085600000, 0x0000000085600000|100%| O|  |TAMS 0x0000000085600000, 0x0000000085500000| Updating 
|  86|0x0000000085600000, 0x0000000085700000, 0x0000000085700000|100%| O|  |TAMS 0x0000000085700000, 0x0000000085600000| Updating 
|  87|0x0000000085700000, 0x0000000085800000, 0x0000000085800000|100%| O|  |TAMS 0x0000000085700000, 0x0000000085700000| Untracked 
|  88|0x0000000085800000, 0x0000000085900000, 0x0000000085900000|100%| O|  |TAMS 0x0000000085900000, 0x0000000085800000| Updating 
|  89|0x0000000085900000, 0x0000000085a00000, 0x0000000085a00000|100%| O|  |TAMS 0x0000000085a00000, 0x0000000085900000| Updating 
|  90|0x0000000085a00000, 0x0000000085b00000, 0x0000000085b00000|100%| O|  |TAMS 0x0000000085b00000, 0x0000000085a00000| Updating 
|  91|0x0000000085b00000, 0x0000000085c00000, 0x0000000085c00000|100%| O|  |TAMS 0x0000000085c00000, 0x0000000085b00000| Updating 
|  92|0x0000000085c00000, 0x0000000085d00000, 0x0000000085d00000|100%| O|  |TAMS 0x0000000085d00000, 0x0000000085c00000| Updating 
|  93|0x0000000085d00000, 0x0000000085e00000, 0x0000000085e00000|100%| O|  |TAMS 0x0000000085e00000, 0x0000000085d00000| Updating 
|  94|0x0000000085e00000, 0x0000000085f00000, 0x0000000085f00000|100%| O|  |TAMS 0x0000000085f00000, 0x0000000085e00000| Updating 
|  95|0x0000000085f00000, 0x0000000086000000, 0x0000000086000000|100%| O|  |TAMS 0x0000000086000000, 0x0000000085f00000| Updating 
|  96|0x0000000086000000, 0x0000000086100000, 0x0000000086100000|100%| O|  |TAMS 0x0000000086100000, 0x0000000086000000| Updating 
|  97|0x0000000086100000, 0x0000000086200000, 0x0000000086200000|100%| O|  |TAMS 0x0000000086200000, 0x0000000086100000| Updating 
|  98|0x0000000086200000, 0x0000000086300000, 0x0000000086300000|100%| O|  |TAMS 0x0000000086300000, 0x0000000086200000| Updating 
|  99|0x0000000086300000, 0x0000000086400000, 0x0000000086400000|100%|HS|  |TAMS 0x0000000086400000, 0x0000000086300000| Complete 
| 100|0x0000000086400000, 0x0000000086500000, 0x0000000086500000|100%|HC|  |TAMS 0x0000000086500000, 0x0000000086400000| Complete 
| 101|0x0000000086500000, 0x0000000086600000, 0x0000000086600000|100%| O|  |TAMS 0x0000000086600000, 0x0000000086500000| Updating 
| 102|0x0000000086600000, 0x0000000086700000, 0x0000000086700000|100%| O|  |TAMS 0x0000000086700000, 0x0000000086600000| Updating 
| 103|0x0000000086700000, 0x0000000086800000, 0x0000000086800000|100%| O|  |TAMS 0x0000000086800000, 0x0000000086700000| Updating 
| 104|0x0000000086800000, 0x0000000086900000, 0x0000000086900000|100%| O|  |TAMS 0x0000000086900000, 0x0000000086800000| Updating 
| 105|0x0000000086900000, 0x0000000086a00000, 0x0000000086a00000|100%| O|  |TAMS 0x0000000086a00000, 0x0000000086900000| Updating 
| 106|0x0000000086a00000, 0x0000000086b00000, 0x0000000086b00000|100%| O|  |TAMS 0x0000000086a00000, 0x0000000086a00000| Updating 
| 107|0x0000000086b00000, 0x0000000086c00000, 0x0000000086c00000|100%| O|  |TAMS 0x0000000086c00000, 0x0000000086b00000| Updating 
| 108|0x0000000086c00000, 0x0000000086d00000, 0x0000000086d00000|100%| O|  |TAMS 0x0000000086d00000, 0x0000000086c00000| Updating 
| 109|0x0000000086d00000, 0x0000000086e00000, 0x0000000086e00000|100%| O|  |TAMS 0x0000000086e00000, 0x0000000086d00000| Updating 
| 110|0x0000000086e00000, 0x0000000086f00000, 0x0000000086f00000|100%| O|  |TAMS 0x0000000086f00000, 0x0000000086e00000| Updating 
| 111|0x0000000086f00000, 0x0000000087000000, 0x0000000087000000|100%| O|  |TAMS 0x0000000087000000, 0x0000000086f00000| Updating 
| 112|0x0000000087000000, 0x0000000087100000, 0x0000000087100000|100%| O|  |TAMS 0x0000000087100000, 0x0000000087000000| Updating 
| 113|0x0000000087100000, 0x0000000087200000, 0x0000000087200000|100%| O|  |TAMS 0x0000000087200000, 0x0000000087100000| Updating 
| 114|0x0000000087200000, 0x0000000087300000, 0x0000000087300000|100%| O|  |TAMS 0x0000000087300000, 0x0000000087200000| Updating 
| 115|0x0000000087300000, 0x0000000087400000, 0x0000000087400000|100%| O|  |TAMS 0x0000000087400000, 0x0000000087300000| Updating 
| 116|0x0000000087400000, 0x0000000087500000, 0x0000000087500000|100%| O|  |TAMS 0x0000000087500000, 0x0000000087400000| Updating 
| 117|0x0000000087500000, 0x0000000087600000, 0x0000000087600000|100%| O|  |TAMS 0x0000000087600000, 0x0000000087500000| Updating 
| 118|0x0000000087600000, 0x0000000087700000, 0x0000000087700000|100%| O|  |TAMS 0x0000000087700000, 0x0000000087600000| Updating 
| 119|0x0000000087700000, 0x0000000087800000, 0x0000000087800000|100%| O|  |TAMS 0x0000000087800000, 0x0000000087700000| Updating 
| 120|0x0000000087800000, 0x0000000087900000, 0x0000000087900000|100%| O|  |TAMS 0x0000000087800000, 0x0000000087800000| Untracked 
| 121|0x0000000087900000, 0x0000000087a00000, 0x0000000087a00000|100%| O|  |TAMS 0x0000000087a00000, 0x0000000087900000| Updating 
| 122|0x0000000087a00000, 0x0000000087b00000, 0x0000000087b00000|100%| O|  |TAMS 0x0000000087b00000, 0x0000000087a00000| Updating 
| 123|0x0000000087b00000, 0x0000000087c00000, 0x0000000087c00000|100%| O|  |TAMS 0x0000000087c00000, 0x0000000087b00000| Updating 
| 124|0x0000000087c00000, 0x0000000087d00000, 0x0000000087d00000|100%| O|  |TAMS 0x0000000087d00000, 0x0000000087c00000| Updating 
| 125|0x0000000087d00000, 0x0000000087e00000, 0x0000000087e00000|100%| O|  |TAMS 0x0000000087e00000, 0x0000000087d00000| Updating 
| 126|0x0000000087e00000, 0x0000000087f00000, 0x0000000087f00000|100%| O|  |TAMS 0x0000000087f00000, 0x0000000087e00000| Updating 
| 127|0x0000000087f00000, 0x0000000088000000, 0x0000000088000000|100%| O|  |TAMS 0x0000000088000000, 0x0000000087f00000| Updating 
| 128|0x0000000088000000, 0x0000000088100000, 0x0000000088100000|100%| O|  |TAMS 0x0000000088100000, 0x0000000088000000| Updating 
| 129|0x0000000088100000, 0x0000000088200000, 0x0000000088200000|100%| O|  |TAMS 0x0000000088200000, 0x0000000088100000| Updating 
| 130|0x0000000088200000, 0x0000000088300000, 0x0000000088300000|100%| O|  |TAMS 0x0000000088300000, 0x0000000088200000| Updating 
| 131|0x0000000088300000, 0x0000000088400000, 0x0000000088400000|100%| O|  |TAMS 0x0000000088400000, 0x0000000088300000| Updating 
| 132|0x0000000088400000, 0x0000000088500000, 0x0000000088500000|100%| O|  |TAMS 0x0000000088500000, 0x0000000088400000| Updating 
| 133|0x0000000088500000, 0x0000000088600000, 0x0000000088600000|100%| O|  |TAMS 0x0000000088600000, 0x0000000088500000| Updating 
| 134|0x0000000088600000, 0x0000000088700000, 0x0000000088700000|100%| O|  |TAMS 0x0000000088700000, 0x0000000088600000| Updating 
| 135|0x0000000088700000, 0x0000000088800000, 0x0000000088800000|100%| O|  |TAMS 0x0000000088800000, 0x0000000088700000| Updating 
| 136|0x0000000088800000, 0x0000000088900000, 0x0000000088900000|100%| O|  |TAMS 0x0000000088900000, 0x0000000088800000| Updating 
| 137|0x0000000088900000, 0x0000000088a00000, 0x0000000088a00000|100%| O|  |TAMS 0x0000000088a00000, 0x0000000088900000| Updating 
| 138|0x0000000088a00000, 0x0000000088b00000, 0x0000000088b00000|100%| O|  |TAMS 0x0000000088b00000, 0x0000000088a00000| Updating 
| 139|0x0000000088b00000, 0x0000000088c00000, 0x0000000088c00000|100%| O|  |TAMS 0x0000000088c00000, 0x0000000088b00000| Updating 
| 140|0x0000000088c00000, 0x0000000088d00000, 0x0000000088d00000|100%| O|  |TAMS 0x0000000088d00000, 0x0000000088c00000| Updating 
| 141|0x0000000088d00000, 0x0000000088e00000, 0x0000000088e00000|100%| O|  |TAMS 0x0000000088e00000, 0x0000000088d00000| Updating 
| 142|0x0000000088e00000, 0x0000000088f00000, 0x0000000088f00000|100%| O|  |TAMS 0x0000000088f00000, 0x0000000088e00000| Updating 
| 143|0x0000000088f00000, 0x0000000089000000, 0x0000000089000000|100%| O|  |TAMS 0x0000000089000000, 0x0000000088f00000| Updating 
| 144|0x0000000089000000, 0x0000000089100000, 0x0000000089100000|100%| O|  |TAMS 0x0000000089100000, 0x0000000089000000| Updating 
| 145|0x0000000089100000, 0x0000000089200000, 0x0000000089200000|100%| O|  |TAMS 0x0000000089200000, 0x0000000089100000| Updating 
| 146|0x0000000089200000, 0x0000000089300000, 0x0000000089300000|100%| O|  |TAMS 0x0000000089300000, 0x0000000089200000| Updating 
| 147|0x0000000089300000, 0x0000000089400000, 0x0000000089400000|100%| O|  |TAMS 0x0000000089400000, 0x0000000089300000| Updating 
| 148|0x0000000089400000, 0x0000000089500000, 0x0000000089500000|100%| O|  |TAMS 0x0000000089500000, 0x0000000089400000| Updating 
| 149|0x0000000089500000, 0x0000000089600000, 0x0000000089600000|100%| O|  |TAMS 0x0000000089600000, 0x0000000089500000| Updating 
| 150|0x0000000089600000, 0x0000000089700000, 0x0000000089700000|100%| O|  |TAMS 0x00000000896a8400, 0x0000000089600000| Updating 
| 151|0x0000000089700000, 0x0000000089800000, 0x0000000089800000|100%| O|  |TAMS 0x0000000089700000, 0x0000000089700000| Untracked 
| 152|0x0000000089800000, 0x0000000089900000, 0x0000000089900000|100%| O|  |TAMS 0x0000000089800000, 0x0000000089800000| Untracked 
| 153|0x0000000089900000, 0x0000000089a00000, 0x0000000089a00000|100%| O|  |TAMS 0x0000000089900000, 0x0000000089900000| Untracked 
| 154|0x0000000089a00000, 0x0000000089b00000, 0x0000000089b00000|100%| O|  |TAMS 0x0000000089a00000, 0x0000000089a00000| Untracked 
| 155|0x0000000089b00000, 0x0000000089b7e400, 0x0000000089c00000| 49%| O|  |TAMS 0x0000000089b00000, 0x0000000089b00000| Untracked 
| 156|0x0000000089c00000, 0x0000000089c00000, 0x0000000089d00000|  0%| F|  |TAMS 0x0000000089c00000, 0x0000000089c00000| Untracked 
| 157|0x0000000089d00000, 0x0000000089d00000, 0x0000000089e00000|  0%| F|  |TAMS 0x0000000089d00000, 0x0000000089d00000| Untracked 
| 158|0x0000000089e00000, 0x0000000089e00000, 0x0000000089f00000|  0%| F|  |TAMS 0x0000000089e00000, 0x0000000089e00000| Untracked 
| 159|0x0000000089f00000, 0x0000000089f00000, 0x000000008a000000|  0%| F|  |TAMS 0x0000000089f00000, 0x0000000089f00000| Untracked 
| 160|0x000000008a000000, 0x000000008a000000, 0x000000008a100000|  0%| F|  |TAMS 0x000000008a000000, 0x000000008a000000| Untracked 
| 161|0x000000008a100000, 0x000000008a100000, 0x000000008a200000|  0%| F|  |TAMS 0x000000008a100000, 0x000000008a100000| Untracked 
| 162|0x000000008a200000, 0x000000008a200000, 0x000000008a300000|  0%| F|  |TAMS 0x000000008a200000, 0x000000008a200000| Untracked 
| 163|0x000000008a300000, 0x000000008a300000, 0x000000008a400000|  0%| F|  |TAMS 0x000000008a300000, 0x000000008a300000| Untracked 
| 164|0x000000008a400000, 0x000000008a400000, 0x000000008a500000|  0%| F|  |TAMS 0x000000008a400000, 0x000000008a400000| Untracked 
| 165|0x000000008a500000, 0x000000008a500000, 0x000000008a600000|  0%| F|  |TAMS 0x000000008a500000, 0x000000008a500000| Untracked 
| 166|0x000000008a600000, 0x000000008a600000, 0x000000008a700000|  0%| F|  |TAMS 0x000000008a600000, 0x000000008a600000| Untracked 
| 167|0x000000008a700000, 0x000000008a700000, 0x000000008a800000|  0%| F|  |TAMS 0x000000008a700000, 0x000000008a700000| Untracked 
| 168|0x000000008a800000, 0x000000008a800000, 0x000000008a900000|  0%| F|  |TAMS 0x000000008a800000, 0x000000008a800000| Untracked 
| 169|0x000000008a900000, 0x000000008a900000, 0x000000008aa00000|  0%| F|  |TAMS 0x000000008a900000, 0x000000008a900000| Untracked 
| 170|0x000000008aa00000, 0x000000008aa00000, 0x000000008ab00000|  0%| F|  |TAMS 0x000000008aa00000, 0x000000008aa00000| Untracked 
| 171|0x000000008ab00000, 0x000000008ab00000, 0x000000008ac00000|  0%| F|  |TAMS 0x000000008ab00000, 0x000000008ab00000| Untracked 
| 172|0x000000008ac00000, 0x000000008ac00000, 0x000000008ad00000|  0%| F|  |TAMS 0x000000008ac00000, 0x000000008ac00000| Untracked 
| 173|0x000000008ad00000, 0x000000008ad00000, 0x000000008ae00000|  0%| F|  |TAMS 0x000000008ad00000, 0x000000008ad00000| Untracked 
| 174|0x000000008ae00000, 0x000000008ae00000, 0x000000008af00000|  0%| F|  |TAMS 0x000000008ae00000, 0x000000008ae00000| Untracked 
| 175|0x000000008af00000, 0x000000008af00000, 0x000000008b000000|  0%| F|  |TAMS 0x000000008af00000, 0x000000008af00000| Untracked 
| 176|0x000000008b000000, 0x000000008b000000, 0x000000008b100000|  0%| F|  |TAMS 0x000000008b000000, 0x000000008b000000| Untracked 
| 177|0x000000008b100000, 0x000000008b100000, 0x000000008b200000|  0%| F|  |TAMS 0x000000008b100000, 0x000000008b100000| Untracked 
| 178|0x000000008b200000, 0x000000008b200000, 0x000000008b300000|  0%| F|  |TAMS 0x000000008b200000, 0x000000008b200000| Untracked 
| 179|0x000000008b300000, 0x000000008b300000, 0x000000008b400000|  0%| F|  |TAMS 0x000000008b300000, 0x000000008b300000| Untracked 
| 180|0x000000008b400000, 0x000000008b400000, 0x000000008b500000|  0%| F|  |TAMS 0x000000008b400000, 0x000000008b400000| Untracked 
| 181|0x000000008b500000, 0x000000008b500000, 0x000000008b600000|  0%| F|  |TAMS 0x000000008b500000, 0x000000008b500000| Untracked 
| 182|0x000000008b600000, 0x000000008b600000, 0x000000008b700000|  0%| F|  |TAMS 0x000000008b600000, 0x000000008b600000| Untracked 
| 183|0x000000008b700000, 0x000000008b700000, 0x000000008b800000|  0%| F|  |TAMS 0x000000008b700000, 0x000000008b700000| Untracked 
| 184|0x000000008b800000, 0x000000008b800000, 0x000000008b900000|  0%| F|  |TAMS 0x000000008b800000, 0x000000008b800000| Untracked 
| 185|0x000000008b900000, 0x000000008b900000, 0x000000008ba00000|  0%| F|  |TAMS 0x000000008b900000, 0x000000008b900000| Untracked 
| 186|0x000000008ba00000, 0x000000008ba00000, 0x000000008bb00000|  0%| F|  |TAMS 0x000000008ba00000, 0x000000008ba00000| Untracked 
| 187|0x000000008bb00000, 0x000000008bb00000, 0x000000008bc00000|  0%| F|  |TAMS 0x000000008bb00000, 0x000000008bb00000| Untracked 
| 188|0x000000008bc00000, 0x000000008bc00000, 0x000000008bd00000|  0%| F|  |TAMS 0x000000008bc00000, 0x000000008bc00000| Untracked 
| 189|0x000000008bd00000, 0x000000008bd00000, 0x000000008be00000|  0%| F|  |TAMS 0x000000008bd00000, 0x000000008bd00000| Untracked 
| 190|0x000000008be00000, 0x000000008be00000, 0x000000008bf00000|  0%| F|  |TAMS 0x000000008be00000, 0x000000008be00000| Untracked 
| 191|0x000000008bf00000, 0x000000008bf6b028, 0x000000008c000000| 41%| S|CS|TAMS 0x000000008bf00000, 0x000000008bf00000| Complete 
| 192|0x000000008c000000, 0x000000008c100000, 0x000000008c100000|100%| S|CS|TAMS 0x000000008c000000, 0x000000008c000000| Complete 
| 193|0x000000008c100000, 0x000000008c200000, 0x000000008c200000|100%| S|CS|TAMS 0x000000008c100000, 0x000000008c100000| Complete 
| 194|0x000000008c200000, 0x000000008c300000, 0x000000008c300000|100%| S|CS|TAMS 0x000000008c200000, 0x000000008c200000| Complete 
| 195|0x000000008c300000, 0x000000008c400000, 0x000000008c400000|100%| S|CS|TAMS 0x000000008c300000, 0x000000008c300000| Complete 
| 196|0x000000008c400000, 0x000000008c400000, 0x000000008c500000|  0%| F|  |TAMS 0x000000008c400000, 0x000000008c400000| Untracked 
| 197|0x000000008c500000, 0x000000008c500000, 0x000000008c600000|  0%| F|  |TAMS 0x000000008c500000, 0x000000008c500000| Untracked 
| 198|0x000000008c600000, 0x000000008c600000, 0x000000008c700000|  0%| F|  |TAMS 0x000000008c600000, 0x000000008c600000| Untracked 
| 199|0x000000008c700000, 0x000000008c700000, 0x000000008c800000|  0%| F|  |TAMS 0x000000008c700000, 0x000000008c700000| Untracked 
| 200|0x000000008c800000, 0x000000008c800000, 0x000000008c900000|  0%| F|  |TAMS 0x000000008c800000, 0x000000008c800000| Untracked 
| 201|0x000000008c900000, 0x000000008c900000, 0x000000008ca00000|  0%| F|  |TAMS 0x000000008c900000, 0x000000008c900000| Untracked 
| 202|0x000000008ca00000, 0x000000008ca00000, 0x000000008cb00000|  0%| F|  |TAMS 0x000000008ca00000, 0x000000008ca00000| Untracked 
| 203|0x000000008cb00000, 0x000000008cb00000, 0x000000008cc00000|  0%| F|  |TAMS 0x000000008cb00000, 0x000000008cb00000| Untracked 
| 204|0x000000008cc00000, 0x000000008cc00000, 0x000000008cd00000|  0%| F|  |TAMS 0x000000008cc00000, 0x000000008cc00000| Untracked 
| 205|0x000000008cd00000, 0x000000008cd00000, 0x000000008ce00000|  0%| F|  |TAMS 0x000000008cd00000, 0x000000008cd00000| Untracked 
| 206|0x000000008ce00000, 0x000000008ce00000, 0x000000008cf00000|  0%| F|  |TAMS 0x000000008ce00000, 0x000000008ce00000| Untracked 
| 207|0x000000008cf00000, 0x000000008cf00000, 0x000000008d000000|  0%| F|  |TAMS 0x000000008cf00000, 0x000000008cf00000| Untracked 
| 208|0x000000008d000000, 0x000000008d000000, 0x000000008d100000|  0%| F|  |TAMS 0x000000008d000000, 0x000000008d000000| Untracked 
| 209|0x000000008d100000, 0x000000008d100000, 0x000000008d200000|  0%| F|  |TAMS 0x000000008d100000, 0x000000008d100000| Untracked 
| 210|0x000000008d200000, 0x000000008d200000, 0x000000008d300000|  0%| F|  |TAMS 0x000000008d200000, 0x000000008d200000| Untracked 
| 211|0x000000008d300000, 0x000000008d300000, 0x000000008d400000|  0%| F|  |TAMS 0x000000008d300000, 0x000000008d300000| Untracked 
| 212|0x000000008d400000, 0x000000008d400000, 0x000000008d500000|  0%| F|  |TAMS 0x000000008d400000, 0x000000008d400000| Untracked 
| 213|0x000000008d500000, 0x000000008d500000, 0x000000008d600000|  0%| F|  |TAMS 0x000000008d500000, 0x000000008d500000| Untracked 
| 214|0x000000008d600000, 0x000000008d600000, 0x000000008d700000|  0%| F|  |TAMS 0x000000008d600000, 0x000000008d600000| Untracked 
| 215|0x000000008d700000, 0x000000008d700000, 0x000000008d800000|  0%| F|  |TAMS 0x000000008d700000, 0x000000008d700000| Untracked 
| 216|0x000000008d800000, 0x000000008d800000, 0x000000008d900000|  0%| F|  |TAMS 0x000000008d800000, 0x000000008d800000| Untracked 
| 217|0x000000008d900000, 0x000000008d900000, 0x000000008da00000|  0%| F|  |TAMS 0x000000008d900000, 0x000000008d900000| Untracked 
| 218|0x000000008da00000, 0x000000008da00000, 0x000000008db00000|  0%| F|  |TAMS 0x000000008da00000, 0x000000008da00000| Untracked 
| 219|0x000000008db00000, 0x000000008db00000, 0x000000008dc00000|  0%| F|  |TAMS 0x000000008db00000, 0x000000008db00000| Untracked 
| 220|0x000000008dc00000, 0x000000008dc00000, 0x000000008dd00000|  0%| F|  |TAMS 0x000000008dc00000, 0x000000008dc00000| Untracked 
| 221|0x000000008dd00000, 0x000000008dd00000, 0x000000008de00000|  0%| F|  |TAMS 0x000000008dd00000, 0x000000008dd00000| Untracked 
| 222|0x000000008de00000, 0x000000008de00000, 0x000000008df00000|  0%| F|  |TAMS 0x000000008de00000, 0x000000008de00000| Untracked 
| 223|0x000000008df00000, 0x000000008df00000, 0x000000008e000000|  0%| F|  |TAMS 0x000000008df00000, 0x000000008df00000| Untracked 
| 224|0x000000008e000000, 0x000000008e000000, 0x000000008e100000|  0%| F|  |TAMS 0x000000008e000000, 0x000000008e000000| Untracked 
| 225|0x000000008e100000, 0x000000008e100000, 0x000000008e200000|  0%| F|  |TAMS 0x000000008e100000, 0x000000008e100000| Untracked 
| 226|0x000000008e200000, 0x000000008e200000, 0x000000008e300000|  0%| F|  |TAMS 0x000000008e200000, 0x000000008e200000| Untracked 
| 227|0x000000008e300000, 0x000000008e300000, 0x000000008e400000|  0%| F|  |TAMS 0x000000008e300000, 0x000000008e300000| Untracked 
| 228|0x000000008e400000, 0x000000008e400000, 0x000000008e500000|  0%| F|  |TAMS 0x000000008e400000, 0x000000008e400000| Untracked 
| 229|0x000000008e500000, 0x000000008e500000, 0x000000008e600000|  0%| F|  |TAMS 0x000000008e500000, 0x000000008e500000| Untracked 
| 230|0x000000008e600000, 0x000000008e600000, 0x000000008e700000|  0%| F|  |TAMS 0x000000008e600000, 0x000000008e600000| Untracked 
| 231|0x000000008e700000, 0x000000008e700000, 0x000000008e800000|  0%| F|  |TAMS 0x000000008e700000, 0x000000008e700000| Untracked 
| 232|0x000000008e800000, 0x000000008e800000, 0x000000008e900000|  0%| F|  |TAMS 0x000000008e800000, 0x000000008e800000| Untracked 
| 233|0x000000008e900000, 0x000000008e900000, 0x000000008ea00000|  0%| F|  |TAMS 0x000000008e900000, 0x000000008e900000| Untracked 
| 234|0x000000008ea00000, 0x000000008ea00000, 0x000000008eb00000|  0%| F|  |TAMS 0x000000008ea00000, 0x000000008ea00000| Untracked 
| 235|0x000000008eb00000, 0x000000008eb00000, 0x000000008ec00000|  0%| F|  |TAMS 0x000000008eb00000, 0x000000008eb00000| Untracked 

Card table byte_map: [0x0000021ff7560000,0x0000021ff7960000] _byte_map_base: 0x0000021ff7160000

Marking Bits (Prev, Next): (CMBitMap*) 0x0000021fe243f0a8, (CMBitMap*) 0x0000021fe243f0e0
 Prev Bits: [0x0000021ff7d60000, 0x0000021ff9d60000)
 Next Bits: [0x0000021ff9d60000, 0x0000021ffbd60000)

Polling page: 0x0000021fe24e0000

Metaspace:

Usage:
  Non-class:    114.54 MB capacity,   111.66 MB ( 97%) used,     2.34 MB (  2%) free+waste,   558.25 KB ( <1%) overhead. 
      Class:     17.31 MB capacity,    15.62 MB ( 90%) used,     1.45 MB (  8%) free+waste,   245.69 KB (  1%) overhead. 
       Both:    131.85 MB capacity,   127.28 MB ( 97%) used,     3.78 MB (  3%) free+waste,   803.94 KB ( <1%) overhead. 

Virtual space:
  Non-class space:      116.00 MB reserved,     114.67 MB ( 99%) committed 
      Class space:        1.00 GB reserved,      17.66 MB (  2%) committed 
             Both:        1.11 GB reserved,     132.33 MB ( 12%) committed 

Chunk freelists:
   Non-Class:  10.00 KB
       Class:  322.00 KB
        Both:  332.00 KB

MaxMetaspaceSize: 17179869184.00 GB
CompressedClassSpaceSize: 1.00 GB
Initial GC threshold: 20.80 MB
Current GC threshold: 220.55 MB
CDS: off

CodeHeap 'non-profiled nmethods': size=120000Kb used=19354Kb max_used=19354Kb free=100645Kb
 bounds [0x0000021fef1d0000, 0x0000021ff04e0000, 0x0000021ff6700000]
CodeHeap 'profiled nmethods': size=120000Kb used=57709Kb max_used=57709Kb free=62290Kb
 bounds [0x0000021fe7ca0000, 0x0000021feb5d0000, 0x0000021fef1d0000]
CodeHeap 'non-nmethods': size=5760Kb used=2455Kb max_used=2552Kb free=3304Kb
 bounds [0x0000021fe7700000, 0x0000021fe7990000, 0x0000021fe7ca0000]
 total_blobs=26159 nmethods=25175 adapters=894
 compilation: enabled
              stopped_count=0, restarted_count=0
 full_count=0

Compilation events (20 events):
Event: 2114.088 Thread 0x0000021fff094000 nmethod 29710 0x0000021fe9494090 code [0x0000021fe9494240, 0x0000021fe94943e8]
Event: 2114.089 Thread 0x0000021fff094000 29711       2       com.android.tools.r8.internal.Pn::a (76 bytes)
Event: 2114.089 Thread 0x0000021fff094000 nmethod 29711 0x0000021fe9658390 code [0x0000021fe96585a0, 0x0000021fe9658a18]
Event: 2114.089 Thread 0x0000021fff094000 29712       2       com.android.tools.r8.internal.Ln::<init> (10 bytes)
Event: 2114.089 Thread 0x0000021fff094000 nmethod 29712 0x0000021fe970b990 code [0x0000021fe970bb40, 0x0000021fe970bd08]
Event: 2114.089 Thread 0x0000021fff094000 29781       1       com.android.tools.r8.internal.nT::b (5 bytes)
Event: 2114.090 Thread 0x0000021fff094000 nmethod 29781 0x0000021fefaa9910 code [0x0000021fefaa9ac0, 0x0000021fefaa9b78]
Event: 2114.090 Thread 0x0000021fff094000 29782       1       com.android.tools.r8.internal.nT::d (2 bytes)
Event: 2114.090 Thread 0x0000021fff094000 nmethod 29782 0x0000021fefaa9610 code [0x0000021fefaa97c0, 0x0000021fefaa9878]
Event: 2114.090 Thread 0x0000021fff094000 29717       1       com.android.tools.r8.internal.u7::C (2 bytes)
Event: 2114.090 Thread 0x0000021fff094000 nmethod 29717 0x0000021fefaa9310 code [0x0000021fefaa94c0, 0x0000021fefaa9578]
Event: 2114.090 Thread 0x0000021fff094000 29766       1       com.android.tools.r8.internal.Nu::Z (5 bytes)
Event: 2114.090 Thread 0x0000021fff094000 nmethod 29766 0x0000021fefaa9010 code [0x0000021fefaa91c0, 0x0000021fefaa9278]
Event: 2114.090 Thread 0x0000021fff094000 29755       1       com.android.tools.r8.internal.d5::q1 (2 bytes)
Event: 2114.090 Thread 0x0000021fff094000 nmethod 29755 0x0000021fefaa8d10 code [0x0000021fefaa8ec0, 0x0000021fefaa8f78]
Event: 2114.090 Thread 0x0000021fff094000 29795       1       com.android.tools.r8.internal.J6::q (2 bytes)
Event: 2114.090 Thread 0x0000021fff094000 nmethod 29795 0x0000021fefaa8a10 code [0x0000021fefaa8bc0, 0x0000021fefaa8c78]
Event: 2114.093 Thread 0x0000021fff094000 29809       2       java.util.HashMap::containsValue (89 bytes)
Event: 2114.094 Thread 0x0000021fff08f800 nmethod 29126 0x0000021fef989a10 code [0x0000021fef989c20, 0x0000021fef98a530]
Event: 2114.094 Thread 0x0000021fff08f800 29103       4       com.android.tools.r8.internal.bw::d (29 bytes)

GC Heap History (20 events):
Event: 2112.482 GC heap after
{Heap after GC invocations=113 (full 0):
 garbage-first heap   total 241664K, used 97163K [0x0000000080000000, 0x0000000100000000)
  region size 1024K, 1 young (1024K), 1 survivors (1024K)
 Metaspace       used 129143K, capacity 133762K, committed 134352K, reserved 1165312K
  class space    used 15868K, capacity 17544K, committed 17952K, reserved 1048576K
}
Event: 2112.545 GC heap before
{Heap before GC invocations=113 (full 0):
 garbage-first heap   total 241664K, used 119691K [0x0000000080000000, 0x0000000100000000)
  region size 1024K, 11 young (11264K), 1 survivors (1024K)
 Metaspace       used 129163K, capacity 133775K, committed 134352K, reserved 1165312K
  class space    used 15871K, capacity 17548K, committed 17952K, reserved 1048576K
}
Event: 2112.558 GC heap after
{Heap after GC invocations=114 (full 0):
 garbage-first heap   total 241664K, used 92474K [0x0000000080000000, 0x0000000100000000)
  region size 1024K, 1 young (1024K), 1 survivors (1024K)
 Metaspace       used 129163K, capacity 133775K, committed 134352K, reserved 1165312K
  class space    used 15871K, capacity 17548K, committed 17952K, reserved 1048576K
}
Event: 2112.717 GC heap before
{Heap before GC invocations=114 (full 0):
 garbage-first heap   total 241664K, used 189754K [0x0000000080000000, 0x0000000100000000)
  region size 1024K, 97 young (99328K), 1 survivors (1024K)
 Metaspace       used 129532K, capacity 134179K, committed 134736K, reserved 1165312K
  class space    used 15934K, capacity 17629K, committed 18080K, reserved 1048576K
}
Event: 2112.753 GC heap after
{Heap after GC invocations=115 (full 0):
 garbage-first heap   total 241664K, used 109673K [0x0000000080000000, 0x0000000100000000)
  region size 1024K, 13 young (13312K), 13 survivors (13312K)
 Metaspace       used 129532K, capacity 134179K, committed 134736K, reserved 1165312K
  class space    used 15934K, capacity 17629K, committed 18080K, reserved 1048576K
}
Event: 2113.001 GC heap before
{Heap before GC invocations=116 (full 0):
 garbage-first heap   total 241664K, used 184425K [0x0000000080000000, 0x0000000100000000)
  region size 1024K, 87 young (89088K), 13 survivors (13312K)
 Metaspace       used 129712K, capacity 134376K, committed 134992K, reserved 1167360K
  class space    used 15951K, capacity 17671K, committed 18080K, reserved 1048576K
}
Event: 2113.023 GC heap after
{Heap after GC invocations=117 (full 0):
 garbage-first heap   total 241664K, used 123561K [0x0000000080000000, 0x0000000100000000)
  region size 1024K, 11 young (11264K), 11 survivors (11264K)
 Metaspace       used 129712K, capacity 134376K, committed 134992K, reserved 1167360K
  class space    used 15951K, capacity 17671K, committed 18080K, reserved 1048576K
}
Event: 2113.162 GC heap before
{Heap before GC invocations=117 (full 0):
 garbage-first heap   total 241664K, used 186025K [0x0000000080000000, 0x0000000100000000)
  region size 1024K, 73 young (74752K), 11 survivors (11264K)
 Metaspace       used 130040K, capacity 134728K, committed 135248K, reserved 1167360K
  class space    used 15994K, capacity 17722K, committed 18080K, reserved 1048576K
}
Event: 2113.183 GC heap after
{Heap after GC invocations=118 (full 0):
 garbage-first heap   total 241664K, used 133754K [0x0000000080000000, 0x0000000100000000)
  region size 1024K, 10 young (10240K), 10 survivors (10240K)
 Metaspace       used 130040K, capacity 134728K, committed 135248K, reserved 1167360K
  class space    used 15994K, capacity 17722K, committed 18080K, reserved 1048576K
}
Event: 2113.439 GC heap before
{Heap before GC invocations=118 (full 0):
 garbage-first heap   total 241664K, used 191098K [0x0000000080000000, 0x0000000100000000)
  region size 1024K, 66 young (67584K), 10 survivors (10240K)
 Metaspace       used 130167K, capacity 134851K, committed 135248K, reserved 1167360K
  class space    used 15992K, capacity 17718K, committed 18080K, reserved 1048576K
}
Event: 2113.463 GC heap after
{Heap after GC invocations=119 (full 0):
 garbage-first heap   total 241664K, used 143363K [0x0000000080000000, 0x0000000100000000)
  region size 1024K, 9 young (9216K), 9 survivors (9216K)
 Metaspace       used 130167K, capacity 134851K, committed 135248K, reserved 1167360K
  class space    used 15992K, capacity 17718K, committed 18080K, reserved 1048576K
}
Event: 2113.569 GC heap before
{Heap before GC invocations=120 (full 0):
 garbage-first heap   total 241664K, used 192515K [0x0000000080000000, 0x0000000100000000)
  region size 1024K, 58 young (59392K), 9 survivors (9216K)
 Metaspace       used 130192K, capacity 134866K, committed 135248K, reserved 1167360K
  class space    used 15996K, capacity 17723K, committed 18080K, reserved 1048576K
}
Event: 2113.586 GC heap after
{Heap after GC invocations=121 (full 0):
 garbage-first heap   total 241664K, used 150993K [0x0000000080000000, 0x0000000100000000)
  region size 1024K, 8 young (8192K), 8 survivors (8192K)
 Metaspace       used 130192K, capacity 134866K, committed 135248K, reserved 1167360K
  class space    used 15996K, capacity 17723K, committed 18080K, reserved 1048576K
}
Event: 2113.592 GC heap before
{Heap before GC invocations=121 (full 0):
 garbage-first heap   total 241664K, used 154065K [0x0000000080000000, 0x0000000100000000)
  region size 1024K, 11 young (11264K), 8 survivors (8192K)
 Metaspace       used 130192K, capacity 134866K, committed 135248K, reserved 1167360K
  class space    used 15996K, capacity 17723K, committed 18080K, reserved 1048576K
}
Event: 2113.612 GC heap after
{Heap after GC invocations=122 (full 0):
 garbage-first heap   total 241664K, used 147625K [0x0000000080000000, 0x0000000100000000)
  region size 1024K, 2 young (2048K), 2 survivors (2048K)
 Metaspace       used 130192K, capacity 134866K, committed 135248K, reserved 1167360K
  class space    used 15996K, capacity 17723K, committed 18080K, reserved 1048576K
}
Event: 2113.699 GC heap before
{Heap before GC invocations=122 (full 0):
 garbage-first heap   total 241664K, used 195753K [0x0000000080000000, 0x0000000100000000)
  region size 1024K, 50 young (51200K), 2 survivors (2048K)
 Metaspace       used 130237K, capacity 134937K, committed 135504K, reserved 1167360K
  class space    used 15998K, capacity 17724K, committed 18080K, reserved 1048576K
}
Event: 2113.714 GC heap after
{Heap after GC invocations=123 (full 0):
 garbage-first heap   total 241664K, used 152987K [0x0000000080000000, 0x0000000100000000)
  region size 1024K, 7 young (7168K), 7 survivors (7168K)
 Metaspace       used 130237K, capacity 134937K, committed 135504K, reserved 1167360K
  class space    used 15998K, capacity 17724K, committed 18080K, reserved 1048576K
}
Event: 2113.833 GC heap before
{Heap before GC invocations=123 (full 0):
 garbage-first heap   total 241664K, used 199067K [0x0000000080000000, 0x0000000100000000)
  region size 1024K, 52 young (53248K), 7 survivors (7168K)
 Metaspace       used 130263K, capacity 134940K, committed 135504K, reserved 1167360K
  class space    used 15998K, capacity 17724K, committed 18080K, reserved 1048576K
}
Event: 2113.845 GC heap after
{Heap after GC invocations=124 (full 0):
 garbage-first heap   total 241664K, used 159324K [0x0000000080000000, 0x0000000100000000)
  region size 1024K, 7 young (7168K), 7 survivors (7168K)
 Metaspace       used 130263K, capacity 134940K, committed 135504K, reserved 1167360K
  class space    used 15998K, capacity 17724K, committed 18080K, reserved 1048576K
}
Event: 2114.094 GC heap before
{Heap before GC invocations=124 (full 0):
 garbage-first heap   total 241664K, used 200284K [0x0000000080000000, 0x0000000100000000)
  region size 1024K, 47 young (48128K), 7 survivors (7168K)
 Metaspace       used 130334K, capacity 135012K, committed 135504K, reserved 1167360K
  class space    used 15999K, capacity 17726K, committed 18080K, reserved 1048576K
}

Deoptimization events (20 events):
Event: 2113.957 Thread 0x0000021f8a28c000 DEOPT PACKING pc=0x0000021fe7d0ff23 sp=0x00000053c9bfa380
Event: 2113.957 Thread 0x0000021f8a28c000 DEOPT UNPACKING pc=0x0000021fe774a95e sp=0x00000053c9bf98a0 mode 0
Event: 2113.971 Thread 0x0000021f82c30000 Uncommon trap: trap_request=0xffffffde fr.pc=0x0000021fefdf167c relative=0x000000000000005c
Event: 2113.971 Thread 0x0000021f82c30000 Uncommon trap: reason=class_check action=maybe_recompile pc=0x0000021fefdf167c method=com.android.tools.r8.internal.Ts.equals(Ljava/lang/Object;)Z @ 1 c2
Event: 2113.971 Thread 0x0000021f82c30000 DEOPT PACKING pc=0x0000021fefdf167c sp=0x00000053cc7f95a0
Event: 2113.971 Thread 0x0000021f82c30000 DEOPT UNPACKING pc=0x0000021fe774a1af sp=0x00000053cc7f9530 mode 2
Event: 2113.973 Thread 0x0000021f82c30000 Uncommon trap: trap_request=0xffffffde fr.pc=0x0000021fefdf167c relative=0x000000000000005c
Event: 2113.973 Thread 0x0000021f82c30000 Uncommon trap: reason=class_check action=maybe_recompile pc=0x0000021fefdf167c method=com.android.tools.r8.internal.Ts.equals(Ljava/lang/Object;)Z @ 1 c2
Event: 2113.973 Thread 0x0000021f82c30000 DEOPT PACKING pc=0x0000021fefdf167c sp=0x00000053cc7f95a0
Event: 2113.973 Thread 0x0000021f82c30000 DEOPT UNPACKING pc=0x0000021fe774a1af sp=0x00000053cc7f9530 mode 2
Event: 2113.975 Thread 0x0000021f82c30000 Uncommon trap: trap_request=0xffffffde fr.pc=0x0000021fefdf167c relative=0x000000000000005c
Event: 2113.975 Thread 0x0000021f82c30000 Uncommon trap: reason=class_check action=maybe_recompile pc=0x0000021fefdf167c method=com.android.tools.r8.internal.Ts.equals(Ljava/lang/Object;)Z @ 1 c2
Event: 2113.975 Thread 0x0000021f82c30000 DEOPT PACKING pc=0x0000021fefdf167c sp=0x00000053cc7f95a0
Event: 2113.975 Thread 0x0000021f82c30000 DEOPT UNPACKING pc=0x0000021fe774a1af sp=0x00000053cc7f9530 mode 2
Event: 2114.035 Thread 0x0000021f82c30000 DEOPT PACKING pc=0x0000021fe8212532 sp=0x00000053cc7f9be0
Event: 2114.035 Thread 0x0000021f82c30000 DEOPT UNPACKING pc=0x0000021fe774a95e sp=0x00000053cc7f91a8 mode 0
Event: 2114.041 Thread 0x0000021f82873000 DEOPT PACKING pc=0x0000021fe830cc2b sp=0x00000053cb3f9bc0
Event: 2114.041 Thread 0x0000021f82873000 DEOPT UNPACKING pc=0x0000021fe774a95e sp=0x00000053cb3f91c8 mode 0
Event: 2114.054 Thread 0x0000021f8a28c000 DEOPT PACKING pc=0x0000021fe7d0ff23 sp=0x00000053c9bfa300
Event: 2114.054 Thread 0x0000021f8a28c000 DEOPT UNPACKING pc=0x0000021fe774a95e sp=0x00000053c9bf9820 mode 0

Classes redefined (0 events):
No events

Internal exceptions (20 events):
Event: 2110.986 Thread 0x0000021f82c28000 Exception <a 'sun/nio/fs/WindowsException'{0x000000008c949620}> (0x000000008c949620) thrown at [./src/hotspot/share/prims/jni.cpp, line 616]
Event: 2110.986 Thread 0x0000021f82c28000 Exception <a 'sun/nio/fs/WindowsException'{0x000000008c94a8f0}> (0x000000008c94a8f0) thrown at [./src/hotspot/share/prims/jni.cpp, line 616]
Event: 2110.987 Thread 0x0000021f82c28000 Exception <a 'sun/nio/fs/WindowsException'{0x000000008c94bbc0}> (0x000000008c94bbc0) thrown at [./src/hotspot/share/prims/jni.cpp, line 616]
Event: 2111.223 Thread 0x0000021f82c32800 Implicit null exception at 0x0000021fef586f7e to 0x0000021fef589968
Event: 2111.232 Thread 0x0000021f82870800 Implicit null exception at 0x0000021fef58247e to 0x0000021fef584e70
Event: 2112.135 Thread 0x0000021f81d75800 Implicit null exception at 0x0000021fef592370 to 0x0000021fef5929b0
Event: 2112.602 Thread 0x0000021f81d6d000 Exception <a 'sun/nio/fs/WindowsException'{0x000000008c49a600}> (0x000000008c49a600) thrown at [./src/hotspot/share/prims/jni.cpp, line 616]
Event: 2112.627 Thread 0x0000021f82c2d800 Exception <a 'sun/nio/fs/WindowsException'{0x000000008b3ea668}> (0x000000008b3ea668) thrown at [./src/hotspot/share/prims/jni.cpp, line 616]
Event: 2112.628 Thread 0x0000021f82879000 Exception <a 'sun/nio/fs/WindowsException'{0x000000008b139e00}> (0x000000008b139e00) thrown at [./src/hotspot/share/prims/jni.cpp, line 616]
Event: 2112.630 Thread 0x0000021f81d75800 Exception <a 'sun/nio/fs/WindowsException'{0x000000008b2a0c28}> (0x000000008b2a0c28) thrown at [./src/hotspot/share/prims/jni.cpp, line 616]
Event: 2112.631 Thread 0x0000021f82c30000 Exception <a 'sun/nio/fs/WindowsException'{0x000000008af80358}> (0x000000008af80358) thrown at [./src/hotspot/share/prims/jni.cpp, line 616]
Event: 2112.678 Thread 0x0000021f81d75800 Implicit null exception at 0x0000021fefaa7724 to 0x0000021fefaa77d4
Event: 2112.684 Thread 0x0000021f82873000 Exception <a 'sun/nio/fs/WindowsException'{0x00000000896dc9e0}> (0x00000000896dc9e0) thrown at [./src/hotspot/share/prims/jni.cpp, line 616]
Event: 2112.846 Thread 0x0000021f8a28c000 Exception <a 'sun/nio/fs/WindowsException'{0x000000008ce43ef0}> (0x000000008ce43ef0) thrown at [./src/hotspot/share/prims/jni.cpp, line 616]
Event: 2113.203 Thread 0x0000021f81d75800 Exception <a 'sun/nio/fs/WindowsException'{0x000000008e961a08}> (0x000000008e961a08) thrown at [./src/hotspot/share/prims/jni.cpp, line 616]
Event: 2113.253 Thread 0x0000021f81d75800 Implicit null exception at 0x0000021fef97519b to 0x0000021fef97595c
Event: 2113.516 Thread 0x0000021f82878000 Exception <a 'sun/nio/fs/WindowsException'{0x000000008d6af4d8}> (0x000000008d6af4d8) thrown at [./src/hotspot/share/prims/jni.cpp, line 616]
Event: 2113.541 Thread 0x0000021f82878000 Exception <a 'sun/nio/fs/WindowsException'{0x000000008c9fd400}> (0x000000008c9fd400) thrown at [./src/hotspot/share/prims/jni.cpp, line 616]
Event: 2113.542 Thread 0x0000021f82878000 Implicit null exception at 0x0000021fef71ed20 to 0x0000021fef71f494
Event: 2113.677 Thread 0x0000021f82c25800 Exception <a 'sun/nio/fs/WindowsException'{0x000000008c5fd0a0}> (0x000000008c5fd0a0) thrown at [./src/hotspot/share/prims/jni.cpp, line 616]

Events (20 events):
Event: 2113.959 loading class com/android/tools/r8/graph/I done
Event: 2113.959 loading class com/android/tools/r8/internal/La
Event: 2113.959 loading class com/android/tools/r8/internal/La done
Event: 2113.970 loading class com/android/tools/r8/graph/n0
Event: 2113.970 loading class com/android/tools/r8/graph/n0 done
Event: 2113.983 Executing VM operation: CGC_Operation
Event: 2114.030 Executing VM operation: CGC_Operation done
Event: 2114.030 loading class com/android/tools/r8/graph/n0
Event: 2114.030 loading class com/android/tools/r8/graph/n0 done
Event: 2114.037 Executing VM operation: ICBufferFull
Event: 2114.038 Executing VM operation: ICBufferFull done
Event: 2114.045 loading class com/android/tools/r8/graph/I1$i
Event: 2114.045 loading class com/android/tools/r8/graph/I1$i done
Event: 2114.045 Executing VM operation: ICBufferFull
Event: 2114.045 loading class com/android/tools/r8/graph/I1$i
Event: 2114.045 loading class com/android/tools/r8/graph/I1$i done
Event: 2114.045 loading class com/android/tools/r8/graph/V1
Event: 2114.045 loading class com/android/tools/r8/graph/V1 done
Event: 2114.045 Executing VM operation: ICBufferFull done
Event: 2114.093 Executing VM operation: G1CollectForAllocation


Dynamic libraries:
0x00007ff628e40000 - 0x00007ff628e4a000 	C:\Program Files\Android\Android Studio\jre\bin\java.exe
0x00007ffeb4df0000 - 0x00007ffeb4fe8000 	C:\WINDOWS\SYSTEM32\ntdll.dll
0x00007ffeb3be0000 - 0x00007ffeb3c9f000 	C:\WINDOWS\System32\KERNEL32.DLL
0x00007ffeb24f0000 - 0x00007ffeb27c2000 	C:\WINDOWS\System32\KERNELBASE.dll
0x00007ffeb2a70000 - 0x00007ffeb2b70000 	C:\WINDOWS\System32\ucrtbase.dll
0x00007ffe9bbf0000 - 0x00007ffe9bc07000 	C:\Program Files\Android\Android Studio\jre\bin\VCRUNTIME140.dll
0x00007ffe82030000 - 0x00007ffe82049000 	C:\Program Files\Android\Android Studio\jre\bin\jli.dll
0x00007ffeb32d0000 - 0x00007ffeb346d000 	C:\WINDOWS\System32\USER32.dll
0x00007ffe97e60000 - 0x00007ffe980fa000 	C:\WINDOWS\WinSxS\amd64_microsoft.windows.common-controls_6595b64144ccf1df_6.0.19041.1110_none_60b5254171f9507e\COMCTL32.dll
0x00007ffeb2840000 - 0x00007ffeb2862000 	C:\WINDOWS\System32\win32u.dll
0x00007ffeb3740000 - 0x00007ffeb37de000 	C:\WINDOWS\System32\msvcrt.dll
0x00007ffeb4d80000 - 0x00007ffeb4dab000 	C:\WINDOWS\System32\GDI32.dll
0x00007ffeb2960000 - 0x00007ffeb2a6f000 	C:\WINDOWS\System32\gdi32full.dll
0x00007ffeb28c0000 - 0x00007ffeb295d000 	C:\WINDOWS\System32\msvcp_win.dll
0x00007ffeb3af0000 - 0x00007ffeb3b22000 	C:\WINDOWS\System32\IMM32.DLL
0x00007ffe78060000 - 0x00007ffe780fd000 	C:\Program Files\Android\Android Studio\jre\bin\msvcp140.dll
0x00007ffe6e3a0000 - 0x00007ffe6eea2000 	C:\Program Files\Android\Android Studio\jre\bin\server\jvm.dll
0x00007ffeb3fb0000 - 0x00007ffeb405e000 	C:\WINDOWS\System32\ADVAPI32.dll
0x00007ffeb3b30000 - 0x00007ffeb3bcc000 	C:\WINDOWS\System32\sechost.dll
0x00007ffeb3530000 - 0x00007ffeb3655000 	C:\WINDOWS\System32\RPCRT4.dll
0x00007ffeb3660000 - 0x00007ffeb3668000 	C:\WINDOWS\System32\PSAPI.DLL
0x00007ffe9e810000 - 0x00007ffe9e837000 	C:\WINDOWS\SYSTEM32\WINMM.dll
0x00007ffeac5b0000 - 0x00007ffeac5b9000 	C:\WINDOWS\SYSTEM32\WSOCK32.dll
0x00007ffeb0c40000 - 0x00007ffeb0c4a000 	C:\WINDOWS\SYSTEM32\VERSION.dll
0x00007ffeb3eb0000 - 0x00007ffeb3f1b000 	C:\WINDOWS\System32\WS2_32.dll
0x00007ffeb0d40000 - 0x00007ffeb0d52000 	C:\WINDOWS\SYSTEM32\kernel.appcore.dll
0x00007ffeb0c90000 - 0x00007ffeb0ca1000 	C:\Program Files\Android\Android Studio\jre\bin\verify.dll
0x00007ffe9dea0000 - 0x00007ffe9e084000 	C:\WINDOWS\SYSTEM32\DBGHELP.DLL
0x00007ffe98a50000 - 0x00007ffe98a7c000 	C:\WINDOWS\SYSTEM32\dbgcore.DLL
0x00007ffeb2b70000 - 0x00007ffeb2bf2000 	C:\WINDOWS\System32\bcryptPrimitives.dll
0x00007ffeadd40000 - 0x00007ffeadd69000 	C:\Program Files\Android\Android Studio\jre\bin\java.dll
0x00007ffeb0c80000 - 0x00007ffeb0c8b000 	C:\Program Files\Android\Android Studio\jre\bin\jimage.dll
0x00007ffeaf940000 - 0x00007ffeaf958000 	C:\Program Files\Android\Android Studio\jre\bin\zip.dll
0x00007ffeb45b0000 - 0x00007ffeb4cf3000 	C:\WINDOWS\System32\SHELL32.dll
0x00007ffeb0380000 - 0x00007ffeb0b12000 	C:\WINDOWS\SYSTEM32\windows.storage.dll
0x00007ffeb2f70000 - 0x00007ffeb32c4000 	C:\WINDOWS\System32\combase.dll
0x00007ffeb1e70000 - 0x00007ffeb1ea0000 	C:\WINDOWS\SYSTEM32\Wldp.dll
0x00007ffeb3670000 - 0x00007ffeb371d000 	C:\WINDOWS\System32\SHCORE.dll
0x00007ffeb3a90000 - 0x00007ffeb3ae5000 	C:\WINDOWS\System32\shlwapi.dll
0x00007ffeb2430000 - 0x00007ffeb244f000 	C:\WINDOWS\SYSTEM32\profapi.dll
0x00007ffeadd20000 - 0x00007ffeadd3a000 	C:\Program Files\Android\Android Studio\jre\bin\net.dll
0x00007ffea8cc0000 - 0x00007ffea8dcc000 	C:\WINDOWS\SYSTEM32\WINHTTP.dll
0x00007ffeb1bd0000 - 0x00007ffeb1c3a000 	C:\WINDOWS\system32\mswsock.dll
0x00007ffeadd00000 - 0x00007ffeadd14000 	C:\Program Files\Android\Android Studio\jre\bin\nio.dll
0x00007ffe9bcf0000 - 0x00007ffe9bd17000 	C:\Users\Arbaj Raza\.gradle\native\e1d6ef7f7dcc3fd88c89a11ec53ec762bb8ba0a96d01ffa2cd45eb1d1d8dd5c5\windows-amd64\native-platform.dll
0x00007ffe80920000 - 0x00007ffe80a64000 	C:\Users\Arbaj Raza\.gradle\native\0d407fdbe67a94daf76414ababcb853783967236a71b16ec16e742cd7a986fd3\windows-amd64\native-platform-file-events.dll
0x00007ffeadcd0000 - 0x00007ffeadcda000 	C:\Program Files\Android\Android Studio\jre\bin\management.dll
0x00007ffeadcc0000 - 0x00007ffeadccd000 	C:\Program Files\Android\Android Studio\jre\bin\management_ext.dll
0x00007ffeb1dd0000 - 0x00007ffeb1de8000 	C:\WINDOWS\SYSTEM32\CRYPTSP.dll
0x00007ffeb14f0000 - 0x00007ffeb1524000 	C:\WINDOWS\system32\rsaenh.dll
0x00007ffeb2e10000 - 0x00007ffeb2e37000 	C:\WINDOWS\System32\bcrypt.dll
0x00007ffeb23f0000 - 0x00007ffeb241e000 	C:\WINDOWS\SYSTEM32\USERENV.dll
0x00007ffeb1dc0000 - 0x00007ffeb1dcc000 	C:\WINDOWS\SYSTEM32\CRYPTBASE.dll
0x00007ffeb18c0000 - 0x00007ffeb18fb000 	C:\WINDOWS\SYSTEM32\IPHLPAPI.DLL
0x00007ffeb3890000 - 0x00007ffeb3898000 	C:\WINDOWS\System32\NSI.dll
0x00007ffea9920000 - 0x00007ffea9937000 	C:\WINDOWS\SYSTEM32\dhcpcsvc6.DLL
0x00007ffea9900000 - 0x00007ffea991d000 	C:\WINDOWS\SYSTEM32\dhcpcsvc.DLL
0x00007ffeb1900000 - 0x00007ffeb19ca000 	C:\WINDOWS\SYSTEM32\DNSAPI.dll
0x00007ffeb1630000 - 0x00007ffeb1663000 	C:\WINDOWS\SYSTEM32\ntmarta.dll
0x00007ffe9bd60000 - 0x00007ffe9bd87000 	C:\Program Files\Android\Android Studio\jre\bin\sunec.dll

dbghelp: loaded successfully - version: 4.0.5 - missing functions: none
symbol engine: initialized successfully - sym options: 0x614 - pdb path: .;C:\Program Files\Android\Android Studio\jre\bin;C:\WINDOWS\SYSTEM32;C:\WINDOWS\WinSxS\amd64_microsoft.windows.common-controls_6595b64144ccf1df_6.0.19041.1110_none_60b5254171f9507e;C:\Program Files\Android\Android Studio\jre\bin\server;C:\Users\Arbaj Raza\.gradle\native\e1d6ef7f7dcc3fd88c89a11ec53ec762bb8ba0a96d01ffa2cd45eb1d1d8dd5c5\windows-amd64;C:\Users\Arbaj Raza\.gradle\native\0d407fdbe67a94daf76414ababcb853783967236a71b16ec16e742cd7a986fd3\windows-amd64

VM Arguments:
jvm_args: --add-opens=java.base/java.util=ALL-UNNAMED --add-opens=java.base/java.lang=ALL-UNNAMED --add-opens=java.base/java.lang.invoke=ALL-UNNAMED --add-opens=java.base/java.util=ALL-UNNAMED --add-opens=java.prefs/java.util.prefs=ALL-UNNAMED --add-opens=java.prefs/java.util.prefs=ALL-UNNAMED --add-opens=java.base/java.nio.charset=ALL-UNNAMED --add-opens=java.base/java.net=ALL-UNNAMED --add-opens=java.base/java.util.concurrent.atomic=ALL-UNNAMED -Xmx2048m -Dfile.encoding=UTF-8 -Duser.country=IN -Duser.language=en -Duser.variant 
java_command: org.gradle.launcher.daemon.bootstrap.GradleDaemon 7.4
java_class_path (initial): C:\Users\Arbaj Raza\.gradle\wrapper\dists\gradle-7.4-bin\c0gwcg53nkjbqw7r0h0umtfvt\gradle-7.4\lib\gradle-launcher-7.4.jar
Launcher Type: SUN_STANDARD

[Global flags]
     intx CICompilerCount                          = 4                                         {product} {ergonomic}
     uint ConcGCThreads                            = 2                                         {product} {ergonomic}
     uint G1ConcRefinementThreads                  = 8                                         {product} {ergonomic}
   size_t G1HeapRegionSize                         = 1048576                                   {product} {ergonomic}
    uintx GCDrainStackTargetSize                   = 64                                        {product} {ergonomic}
   size_t InitialHeapSize                          = 134217728                                 {product} {ergonomic}
   size_t MarkStackSize                            = 4194304                                   {product} {ergonomic}
   size_t MaxHeapSize                              = 2147483648                                {product} {command line}
   size_t MaxNewSize                               = 1287651328                                {product} {ergonomic}
   size_t MinHeapDeltaBytes                        = 1048576                                   {product} {ergonomic}
    uintx NonNMethodCodeHeapSize                   = 5836300                                {pd product} {ergonomic}
    uintx NonProfiledCodeHeapSize                  = 122910970                              {pd product} {ergonomic}
    uintx ProfiledCodeHeapSize                     = 122910970                              {pd product} {ergonomic}
    uintx ReservedCodeCacheSize                    = 251658240                              {pd product} {ergonomic}
     bool SegmentedCodeCache                       = true                                      {product} {ergonomic}
     bool UseCompressedClassPointers               = true                                 {lp64_product} {ergonomic}
     bool UseCompressedOops                        = true                                 {lp64_product} {ergonomic}
     bool UseG1GC                                  = true                                      {product} {ergonomic}
     bool UseLargePagesIndividualAllocation        = false                                  {pd product} {ergonomic}

Logging:
Log output configuration:
 #0: stdout all=warning uptime,level,tags
 #1: stderr all=off uptime,level,tags

Environment Variables:
PATH=C:\Program Files (x86)\Common Files\Intel\Shared Libraries\redist\intel64\compiler;C:\Program Files (x86)\Common Files\Oracle\Java\javapath;C:\Windows\system32;C:\Windows;C:\Windows\System32\Wbem;C:\Windows\System32\WindowsPowerShell\v1.0\;C:\Windows\System32\OpenSSH\;C:\Program Files\NVIDIA Corporation\NVIDIA NvDLISR;C:\Program Files (x86)\NVIDIA Corporation\PhysX\Common;C:\WINDOWS\system32;C:\WINDOWS;C:\WINDOWS\System32\Wbem;C:\WINDOWS\System32\WindowsPowerShell\v1.0\;C:\WINDOWS\System32\OpenSSH\;C:\Program Files\dotnet\;C:\Users\Arbaj Raza\AppData\Local\Programs\Python\Python311;C:\Users\Arbaj Raza\AppData\Local\Programs\Python\Python311\Scripts;C:\Program Files\Git\cmd;C:\Users\Arbaj Raza\AppData\Local\Microsoft\WindowsApps;C:\Users\Arbaj Raza\AppData\Local\Programs\Microsoft VS Code\bin;D:\Flutter Sdk\flutter\bin;C:\MinGW\bin;
USERNAME=Arbaj Raza
OS=Windows_NT
PROCESSOR_IDENTIFIER=Intel64 Family 6 Model 142 Stepping 10, GenuineIntel



---------------  S Y S T E M  ---------------

OS: Windows 10 , 64 bit Build 19041 (10.0.19041.2251)
OS uptime: 1 days 0:33 hours

CPU:total 8 (initial active 8) (4 cores per cpu, 2 threads per core) family 6 model 142 stepping 10 microcode 0xb4, cmov, cx8, fxsr, mmx, sse, sse2, sse3, ssse3, sse4.1, sse4.2, popcnt, avx, avx2, aes, clmul, erms, 3dnowpref, lzcnt, ht, tsc, tscinvbit, bmi1, bmi2, adx, fma

Memory: 4k page, system-wide physical 8078M (578M free)
TotalPageFile size 18078M (AvailPageFile size 61M)
current process WorkingSet (physical memory assigned to process): 637M, peak: 642M
current process commit charge ("private bytes"): 762M, peak: 902M

vm_info: OpenJDK 64-Bit Server VM (11.0.13+0-b1751.21-8125866) for windows-amd64 JRE (11.0.13+0-b1751.21-8125866), built on Feb  2 2022 03:00:22 by "builder" with MS VC++ 14.0 (VS2015)

END.
